#
# There is insufficient memory for the Java Runtime Environment to continue.
# Native memory allocation (malloc) failed to allocate 1812816 bytes for Chunk::new
# Possible reasons:
#   The system is out of physical RAM or swap space
#   The process is running with CompressedOops enabled, and the Java Heap may be blocking the growth of the native heap
# Possible solutions:
#   Reduce memory load on the system
#   Increase physical memory or swap space
#   Check if swap backing store is full
#   Decrease Java heap size (-Xmx/-Xms)
#   Decrease number of Java threads
#   Decrease Java thread stack sizes (-Xss)
#   Set larger code cache with -XX:ReservedCodeCacheSize=
#   JVM is running with Unscaled Compressed Oops mode in which the Java heap is
#     placed in the first 4GB address space. The Java Heap base address is the
#     maximum limit for the native heap growth. Please use -XX:HeapBaseMinAddress
#     to set the Java Heap base and to place the Java Heap above 4GB virtual address.
# This output file may be truncated or incomplete.
#
#  Out of Memory Error (./src/hotspot/share/memory/arena.cpp:197), pid=3656, tid=17936
#
# JRE version: OpenJDK Runtime Environment (11.0.13) (build 11.0.13+0-b1751.21-8125866)
# Java VM: OpenJDK 64-Bit Server VM (11.0.13+0-b1751.21-8125866, mixed mode, tiered, compressed oops, g1 gc, windows-amd64)
# No core dump will be written. Minidumps are not enabled by default on client versions of Windows
#

---------------  S U M M A R Y ------------

Command Line: --add-opens=java.base/java.util=ALL-UNNAMED --add-opens=java.base/java.lang=ALL-UNNAMED --add-opens=java.base/java.lang.invoke=ALL-UNNAMED --add-opens=java.base/java.util=ALL-UNNAMED --add-opens=java.prefs/java.util.prefs=ALL-UNNAMED --add-opens=java.prefs/java.util.prefs=ALL-UNNAMED --add-opens=java.base/java.nio.charset=ALL-UNNAMED --add-opens=java.base/java.net=ALL-UNNAMED --add-opens=java.base/java.util.concurrent.atomic=ALL-UNNAMED -Xmx2048m -Dfile.encoding=UTF-8 -Duser.country=IE -Duser.language=en -Duser.variant org.gradle.launcher.daemon.bootstrap.GradleDaemon 7.4

Host: Intel(R) Core(TM) i5-8265U CPU @ 1.60GHz, 8 cores, 7G,  Windows 11 , 64 bit Build 22000 (10.0.22000.708)
Time: Fri Sep 30 11:26:48 2022 GMT Daylight Time elapsed time: 1284.899743 seconds (0d 0h 21m 24s)

---------------  T H R E A D  ---------------

Current thread (0x00000214f1d7b000):  JavaThread "C2 CompilerThread0" daemon [_thread_in_native, id=17936, stack(0x0000008ea8c00000,0x0000008ea8d00000)]


Current CompileTask:
C2:1284900 23541       4       com.android.ide.common.blame.MergingLogPersistUtil$$Lambda$2747/0x0000000100eb8840::accept (12 bytes)

Stack: [0x0000008ea8c00000,0x0000008ea8d00000]
Native frames: (J=compiled Java code, j=interpreted, Vv=VM code, C=native code)
V  [jvm.dll+0x6100fa]
V  [jvm.dll+0x747090]
V  [jvm.dll+0x7486ad]
V  [jvm.dll+0x748d83]
V  [jvm.dll+0x24ab48]
V  [jvm.dll+0xc04dc]
V  [jvm.dll+0xc0a0c]
V  [jvm.dll+0x35eb5b]
V  [jvm.dll+0x32b833]
V  [jvm.dll+0x32ad2a]
V  [jvm.dll+0x2032b2]
V  [jvm.dll+0x202437]
V  [jvm.dll+0x188e01]
V  [jvm.dll+0x21106b]
V  [jvm.dll+0x20f8c1]
V  [jvm.dll+0x70de0f]
V  [jvm.dll+0x706a75]
V  [jvm.dll+0x60ed66]
C  [ucrtbase.dll+0x26c0c]
C  [KERNEL32.DLL+0x154e0]
C  [ntdll.dll+0x485b]


---------------  P R O C E S S  ---------------

Threads class SMR info:
_java_thread_list=0x00000214f2df6d00, length=144, elements={
0x00000214d6f50000, 0x00000214f13f4800, 0x00000214f13f7800, 0x00000214f1d74800,
0x00000214f1d76000, 0x00000214f1d77000, 0x00000214f1d7b000, 0x00000214f140f800,
0x00000214f141e800, 0x00000214f1ecc000, 0x00000214f30ec000, 0x00000214f3e76000,
0x00000214f3e75000, 0x00000214f4095800, 0x00000214f4096800, 0x00000214f4090800,
0x00000214f4097000, 0x00000214f4091800, 0x00000214f409b000, 0x00000214f409d000,
0x00000214f409d800, 0x00000214f409e800, 0x00000214f5849000, 0x00000214f7e10800,
0x00000214f7e12000, 0x00000214f7cd4000, 0x00000214f7cd5800, 0x00000214f7cd8800,
0x00000214f7cd8000, 0x00000214fb633000, 0x00000214fe89e800, 0x00000214fe89c000,
0x00000214fe89b800, 0x00000214fe6de800, 0x00000214fe6e1800, 0x00000214f4094000,
0x00000214f4093000, 0x00000214f4092000, 0x00000214fe8a0000, 0x00000214fe89f800,
0x00000214fe8a1000, 0x00000214fe8a2000, 0x00000214fe89d000, 0x00000214fe8a2800,
0x00000214fe8a3800, 0x00000214fe89d800, 0x00000214fe8a6800, 0x00000214fe8a6000,
0x00000214fe8a4000, 0x00000214fe8a5000, 0x00000214fe8aa000, 0x00000214fe8a9000,
0x00000214fe8a7800, 0x00000214fe8a8800, 0x00000214f8c12800, 0x00000214f8c0f800,
0x00000214f8c11000, 0x00000214f8c10000, 0x00000214f8c12000, 0x00000214f8c0e800,
0x00000214f8c0d000, 0x00000214f8c0e000, 0x00000214f8c14800, 0x00000214f8c13800,
0x00000214f8c19000, 0x00000214f8c17800, 0x00000214f8c1a000, 0x00000214f8c16000,
0x00000214f8c1b000, 0x00000214f8c16800, 0x00000214f8c15000, 0x00000214f8c18800,
0x00000214f1e4c000, 0x00000214f1e4c800, 0x00000214f1e4d800, 0x00000214f1e4a000,
0x00000214f1e4e800, 0x00000214f1e4f000, 0x00000214f1e50000, 0x00000214f1e50800,
0x00000214f1e4b000, 0x00000214f1e58000, 0x00000214f1e54000, 0x00000214f1e52800,
0x00000214f1e55000, 0x00000214f1e55800, 0x00000214f1e57000, 0x00000214f1e59000,
0x00000214f1e56800, 0x00000214f1e53000, 0x00000214f7e07800, 0x00000214f7e0b800,
0x00000214f7e0d000, 0x00000214f7e0e000, 0x00000214f7e08800, 0x00000214f7e0f000,
0x00000214f7e0c800, 0x00000214f7e0a000, 0x00000214f7e09000, 0x00000214f7e0f800,
0x00000214f7e0b000, 0x00000214f7e13000, 0x00000214f7e11800, 0x00000214f7e14800,
0x00000214f7e16000, 0x00000214f7e14000, 0x00000214f7e15800, 0x00000214fb62f000,
0x00000214fb62d000, 0x00000214fb632000, 0x00000214fb634000, 0x00000214fb62e000,
0x00000214fb62f800, 0x00000214fb636000, 0x00000214fb630800, 0x00000214fb634800,
0x00000214fb637000, 0x00000214fb631800, 0x00000214fb63b000, 0x00000214fb63a800,
0x00000214fb638000, 0x00000214fb63c000, 0x00000214fb638800, 0x00000214fb639800,
0x00000214fe6d4800, 0x00000214fe6d4000, 0x00000214fe6d6000, 0x00000214fe6db000,
0x00000214fe6d8800, 0x00000214fe6da800, 0x00000214fe6d5800, 0x00000214fe6d9800,
0x00000214fe6dc000, 0x00000214fe6dd800, 0x00000214fe6dc800, 0x00000214fe6d8000,
0x00000214fe6df000, 0x00000214fe6e0000, 0x00000214fe6e1000, 0x00000214fe6e2800,
0x00000214f7cda800, 0x00000214f4d7d000, 0x00000214f7cdc000, 0x00000214f4d7b000
}

Java Threads: ( => current thread )
  0x00000214d6f50000 JavaThread "main" [_thread_blocked, id=7388, stack(0x0000008ea8000000,0x0000008ea8100000)]
  0x00000214f13f4800 JavaThread "Reference Handler" daemon [_thread_blocked, id=22132, stack(0x0000008ea8700000,0x0000008ea8800000)]
  0x00000214f13f7800 JavaThread "Finalizer" daemon [_thread_blocked, id=15596, stack(0x0000008ea8800000,0x0000008ea8900000)]
  0x00000214f1d74800 JavaThread "Signal Dispatcher" daemon [_thread_blocked, id=16840, stack(0x0000008ea8900000,0x0000008ea8a00000)]
  0x00000214f1d76000 JavaThread "Attach Listener" daemon [_thread_blocked, id=18664, stack(0x0000008ea8a00000,0x0000008ea8b00000)]
  0x00000214f1d77000 JavaThread "Service Thread" daemon [_thread_blocked, id=7964, stack(0x0000008ea8b00000,0x0000008ea8c00000)]
=>0x00000214f1d7b000 JavaThread "C2 CompilerThread0" daemon [_thread_in_native, id=17936, stack(0x0000008ea8c00000,0x0000008ea8d00000)]
  0x00000214f140f800 JavaThread "C1 CompilerThread0" daemon [_thread_blocked, id=14840, stack(0x0000008ea8d00000,0x0000008ea8e00000)]
  0x00000214f141e800 JavaThread "Sweeper thread" daemon [_thread_blocked, id=15928, stack(0x0000008ea8e00000,0x0000008ea8f00000)]
  0x00000214f1ecc000 JavaThread "Common-Cleaner" daemon [_thread_blocked, id=16464, stack(0x0000008ea8f00000,0x0000008ea9000000)]
  0x00000214f30ec000 JavaThread "Daemon health stats" [_thread_blocked, id=8720, stack(0x0000008ea9400000,0x0000008ea9500000)]
  0x00000214f3e76000 JavaThread "Incoming local TCP Connector on port 49426" [_thread_in_native, id=15200, stack(0x0000008ea9100000,0x0000008ea9200000)]
  0x00000214f3e75000 JavaThread "Daemon periodic checks" [_thread_blocked, id=22128, stack(0x0000008ea9500000,0x0000008ea9600000)]
  0x00000214f4095800 JavaThread "Cache worker for journal cache (C:\Users\PC\.gradle\caches\journal-1)" [_thread_blocked, id=20052, stack(0x0000008eaa200000,0x0000008eaa300000)]
  0x00000214f4096800 JavaThread "File lock request listener" [_thread_in_native, id=13832, stack(0x0000008eaa300000,0x0000008eaa400000)]
  0x00000214f4090800 JavaThread "Cache worker for file hash cache (C:\Users\PC\.gradle\caches\7.4\fileHashes)" [_thread_blocked, id=456, stack(0x0000008eaa400000,0x0000008eaa500000)]
  0x00000214f4097000 JavaThread "File watcher server" daemon [_thread_in_native, id=11396, stack(0x0000008eaa600000,0x0000008eaa700000)]
  0x00000214f4091800 JavaThread "File watcher consumer" daemon [_thread_blocked, id=19200, stack(0x0000008eaa700000,0x0000008eaa800000)]
  0x00000214f409b000 JavaThread "Cache worker for execution history cache (C:\Users\PC\.gradle\caches\7.4\executionHistory)" [_thread_blocked, id=2260, stack(0x0000008eaac00000,0x0000008eaad00000)]
  0x00000214f409d000 JavaThread "jar transforms" [_thread_blocked, id=13432, stack(0x0000008eaae00000,0x0000008eaaf00000)]
  0x00000214f409d800 JavaThread "Cache worker for file content cache (C:\Users\PC\.gradle\caches\7.4\fileContent)" [_thread_blocked, id=19096, stack(0x0000008eaaf00000,0x0000008eab000000)]
  0x00000214f409e800 JavaThread "jar transforms Thread 2" [_thread_blocked, id=13392, stack(0x0000008eab000000,0x0000008eab100000)]
  0x00000214f5849000 JavaThread "jar transforms Thread 3" [_thread_blocked, id=21432, stack(0x0000008eab200000,0x0000008eab300000)]
  0x00000214f7e10800 JavaThread "jar transforms Thread 4" [_thread_blocked, id=1592, stack(0x0000008eb0300000,0x0000008eb0400000)]
  0x00000214f7e12000 JavaThread "jar transforms Thread 5" [_thread_blocked, id=12992, stack(0x0000008eb0400000,0x0000008eb0500000)]
  0x00000214f7cd4000 JavaThread "jar transforms Thread 6" [_thread_blocked, id=5416, stack(0x0000008eb0500000,0x0000008eb0600000)]
  0x00000214f7cd5800 JavaThread "jar transforms Thread 7" [_thread_blocked, id=16628, stack(0x0000008eb0600000,0x0000008eb0700000)]
  0x00000214f7cd8800 JavaThread "jar transforms Thread 8" [_thread_blocked, id=17532, stack(0x0000008eb0700000,0x0000008eb0800000)]
  0x00000214f7cd8000 JavaThread "Memory manager" [_thread_blocked, id=18000, stack(0x0000008eb0a00000,0x0000008eb0b00000)]
  0x00000214fb633000 JavaThread "Cache worker for Java compile cache (C:\Users\PC\.gradle\caches\7.4\javaCompile)" [_thread_blocked, id=13048, stack(0x0000008eb1d00000,0x0000008eb1e00000)]
  0x00000214fe89e800 JavaThread "ForkJoinPool.commonPool-worker-3" daemon [_thread_blocked, id=20600, stack(0x0000008eb2a00000,0x0000008eb2b00000)]
  0x00000214fe89c000 JavaThread "ForkJoinPool.commonPool-worker-9" daemon [_thread_blocked, id=10660, stack(0x0000008eb2d00000,0x0000008eb2e00000)]
  0x00000214fe89b800 JavaThread "ForkJoinPool.commonPool-worker-13" daemon [_thread_blocked, id=2596, stack(0x0000008eb2e00000,0x0000008eb2f00000)]
  0x00000214fe6de800 JavaThread "ForkJoinPool.commonPool-worker-1" daemon [_thread_blocked, id=8120, stack(0x0000008eb2f00000,0x0000008eb3000000)]
  0x00000214fe6e1800 JavaThread "ForkJoinPool.commonPool-worker-11" daemon [_thread_blocked, id=6952, stack(0x0000008eb3000000,0x0000008eb3100000)]
  0x00000214f4094000 JavaThread "ForkJoinPool.commonPool-worker-15" daemon [_thread_blocked, id=3192, stack(0x0000008eab300000,0x0000008eab400000)]
  0x00000214f4093000 JavaThread "Daemon Thread 5" [_thread_blocked, id=17760, stack(0x0000008ea7d00000,0x0000008ea7e00000)]
  0x00000214f4092000 JavaThread "Daemon worker Thread 5" [_thread_blocked, id=14820, stack(0x0000008ea9700000,0x0000008ea9800000)]
  0x00000214fe8a0000 JavaThread "included builds" [_thread_blocked, id=6756, stack(0x0000008eb0c00000,0x0000008eb0d00000)]
  0x00000214fe89f800 JavaThread "Handler for socket connection from /127.0.0.1:49426 to /127.0.0.1:50335" [_thread_in_native, id=19112, stack(0x0000008ea7f00000,0x0000008ea8000000)]
  0x00000214fe8a1000 JavaThread "Cancel handler" [_thread_blocked, id=19168, stack(0x0000008ea9600000,0x0000008ea9700000)]
  0x00000214fe8a2000 JavaThread "Asynchronous log dispatcher for DefaultDaemonConnection: socket connection from /127.0.0.1:49426 to /127.0.0.1:50335" [_thread_blocked, id=18956, stack(0x0000008ea9800000,0x0000008ea9900000)]
  0x00000214fe89d000 JavaThread "Stdin handler" [_thread_blocked, id=3328, stack(0x0000008ea9900000,0x0000008ea9a00000)]
  0x00000214fe8a2800 JavaThread "Daemon client event forwarder" [_thread_blocked, id=20564, stack(0x0000008ea9a00000,0x0000008ea9b00000)]
  0x00000214fe8a3800 JavaThread "Cache worker for checksums cache (C:\Users\PC\AndroidStudioProjects\List\.gradle\7.4\checksums)" [_thread_blocked, id=3124, stack(0x0000008ea9b00000,0x0000008ea9c00000)]
  0x00000214fe89d800 JavaThread "Cache worker for cache directory md-rule (C:\Users\PC\.gradle\caches\7.4\md-rule)" [_thread_blocked, id=19504, stack(0x0000008ea9c00000,0x0000008ea9d00000)]
  0x00000214fe8a6800 JavaThread "Cache worker for file hash cache (C:\Users\PC\AndroidStudioProjects\List\.gradle\7.4\fileHashes)" [_thread_blocked, id=5796, stack(0x0000008eaab00000,0x0000008eaac00000)]
  0x00000214fe8a6000 JavaThread "Cache worker for cache directory md-supplier (C:\Users\PC\.gradle\caches\7.4\md-supplier)" [_thread_blocked, id=18972, stack(0x0000008eaad00000,0x0000008eaae00000)]
  0x00000214fe8a4000 JavaThread "Cache worker for dependencies-accessors (C:\Users\PC\AndroidStudioProjects\List\.gradle\7.4\dependencies-accessors)" [_thread_blocked, id=20288, stack(0x0000008eab100000,0x0000008eab200000)]
  0x00000214fe8a5000 JavaThread "Cache worker for Build Output Cleanup Cache (C:\Users\PC\AndroidStudioProjects\List\.gradle\buildOutputCleanup)" [_thread_blocked, id=20428, stack(0x0000008eab400000,0x0000008eab500000)]
  0x00000214fe8aa000 JavaThread "Unconstrained build operations" [_thread_blocked, id=22088, stack(0x0000008eab500000,0x0000008eab600000)]
  0x00000214fe8a9000 JavaThread "Unconstrained build operations Thread 2" [_thread_blocked, id=22524, stack(0x0000008eab600000,0x0000008eab700000)]
  0x00000214fe8a7800 JavaThread "Unconstrained build operations Thread 3" [_thread_blocked, id=12160, stack(0x0000008eab700000,0x0000008eab800000)]
  0x00000214fe8a8800 JavaThread "Unconstrained build operations Thread 4" [_thread_blocked, id=21532, stack(0x0000008eab800000,0x0000008eab900000)]
  0x00000214f8c12800 JavaThread "Unconstrained build operations Thread 5" [_thread_blocked, id=1780, stack(0x0000008eab900000,0x0000008eaba00000)]
  0x00000214f8c0f800 JavaThread "Unconstrained build operations Thread 6" [_thread_blocked, id=12396, stack(0x0000008eaba00000,0x0000008eabb00000)]
  0x00000214f8c11000 JavaThread "Unconstrained build operations Thread 7" [_thread_blocked, id=13000, stack(0x0000008eabb00000,0x0000008eabc00000)]
  0x00000214f8c10000 JavaThread "Unconstrained build operations Thread 8" [_thread_blocked, id=20952, stack(0x0000008eabc00000,0x0000008eabd00000)]
  0x00000214f8c12000 JavaThread "Unconstrained build operations Thread 9" [_thread_blocked, id=3764, stack(0x0000008eabd00000,0x0000008eabe00000)]
  0x00000214f8c0e800 JavaThread "Unconstrained build operations Thread 10" [_thread_blocked, id=14864, stack(0x0000008eabe00000,0x0000008eabf00000)]
  0x00000214f8c0d000 JavaThread "Unconstrained build operations Thread 11" [_thread_blocked, id=4688, stack(0x0000008eabf00000,0x0000008eac000000)]
  0x00000214f8c0e000 JavaThread "Unconstrained build operations Thread 12" [_thread_blocked, id=2008, stack(0x0000008eac000000,0x0000008eac100000)]
  0x00000214f8c14800 JavaThread "Unconstrained build operations Thread 13" [_thread_blocked, id=20300, stack(0x0000008eac100000,0x0000008eac200000)]
  0x00000214f8c13800 JavaThread "Unconstrained build operations Thread 14" [_thread_blocked, id=19952, stack(0x0000008eac200000,0x0000008eac300000)]
  0x00000214f8c19000 JavaThread "Unconstrained build operations Thread 15" [_thread_blocked, id=20024, stack(0x0000008eac300000,0x0000008eac400000)]
  0x00000214f8c17800 JavaThread "Unconstrained build operations Thread 16" [_thread_blocked, id=20616, stack(0x0000008eac400000,0x0000008eac500000)]
  0x00000214f8c1a000 JavaThread "Unconstrained build operations Thread 17" [_thread_blocked, id=8908, stack(0x0000008eac500000,0x0000008eac600000)]
  0x00000214f8c16000 JavaThread "Unconstrained build operations Thread 18" [_thread_blocked, id=860, stack(0x0000008eac600000,0x0000008eac700000)]
  0x00000214f8c1b000 JavaThread "Unconstrained build operations Thread 19" [_thread_blocked, id=21164, stack(0x0000008eac700000,0x0000008eac800000)]
  0x00000214f8c16800 JavaThread "Unconstrained build operations Thread 20" [_thread_blocked, id=12536, stack(0x0000008eac800000,0x0000008eac900000)]
  0x00000214f8c15000 JavaThread "Unconstrained build operations Thread 21" [_thread_blocked, id=19800, stack(0x0000008eac900000,0x0000008eaca00000)]
  0x00000214f8c18800 JavaThread "Unconstrained build operations Thread 22" [_thread_blocked, id=6940, stack(0x0000008eaca00000,0x0000008eacb00000)]
  0x00000214f1e4c000 JavaThread "Unconstrained build operations Thread 23" [_thread_blocked, id=19924, stack(0x0000008eacb00000,0x0000008eacc00000)]
  0x00000214f1e4c800 JavaThread "Unconstrained build operations Thread 24" [_thread_blocked, id=20756, stack(0x0000008eacc00000,0x0000008eacd00000)]
  0x00000214f1e4d800 JavaThread "Unconstrained build operations Thread 25" [_thread_blocked, id=1508, stack(0x0000008eacd00000,0x0000008eace00000)]
  0x00000214f1e4a000 JavaThread "Unconstrained build operations Thread 26" [_thread_blocked, id=3104, stack(0x0000008eace00000,0x0000008eacf00000)]
  0x00000214f1e4e800 JavaThread "Unconstrained build operations Thread 27" [_thread_blocked, id=9044, stack(0x0000008eacf00000,0x0000008ead000000)]
  0x00000214f1e4f000 JavaThread "Unconstrained build operations Thread 28" [_thread_blocked, id=21968, stack(0x0000008ead000000,0x0000008ead100000)]
  0x00000214f1e50000 JavaThread "Unconstrained build operations Thread 29" [_thread_blocked, id=19636, stack(0x0000008ead100000,0x0000008ead200000)]
  0x00000214f1e50800 JavaThread "Unconstrained build operations Thread 30" [_thread_blocked, id=4760, stack(0x0000008ead200000,0x0000008ead300000)]
  0x00000214f1e4b000 JavaThread "Unconstrained build operations Thread 31" [_thread_blocked, id=8820, stack(0x0000008ead300000,0x0000008ead400000)]
  0x00000214f1e58000 JavaThread "Unconstrained build operations Thread 32" [_thread_blocked, id=1884, stack(0x0000008ead400000,0x0000008ead500000)]
  0x00000214f1e54000 JavaThread "Unconstrained build operations Thread 33" [_thread_blocked, id=9736, stack(0x0000008ead500000,0x0000008ead600000)]
  0x00000214f1e52800 JavaThread "Unconstrained build operations Thread 34" [_thread_blocked, id=8484, stack(0x0000008ead600000,0x0000008ead700000)]
  0x00000214f1e55000 JavaThread "Unconstrained build operations Thread 35" [_thread_blocked, id=18724, stack(0x0000008ead700000,0x0000008ead800000)]
  0x00000214f1e55800 JavaThread "Unconstrained build operations Thread 36" [_thread_blocked, id=14656, stack(0x0000008ead800000,0x0000008ead900000)]
  0x00000214f1e57000 JavaThread "Unconstrained build operations Thread 37" [_thread_blocked, id=6600, stack(0x0000008ead900000,0x0000008eada00000)]
  0x00000214f1e59000 JavaThread "Unconstrained build operations Thread 38" [_thread_blocked, id=11004, stack(0x0000008eada00000,0x0000008eadb00000)]
  0x00000214f1e56800 JavaThread "Unconstrained build operations Thread 39" [_thread_blocked, id=7296, stack(0x0000008eadb00000,0x0000008eadc00000)]
  0x00000214f1e53000 JavaThread "Unconstrained build operations Thread 40" [_thread_blocked, id=15572, stack(0x0000008eadc00000,0x0000008eadd00000)]
  0x00000214f7e07800 JavaThread "Unconstrained build operations Thread 41" [_thread_blocked, id=1928, stack(0x0000008eadd00000,0x0000008eade00000)]
  0x00000214f7e0b800 JavaThread "Unconstrained build operations Thread 42" [_thread_blocked, id=4808, stack(0x0000008eade00000,0x0000008eadf00000)]
  0x00000214f7e0d000 JavaThread "Unconstrained build operations Thread 43" [_thread_blocked, id=17740, stack(0x0000008eadf00000,0x0000008eae000000)]
  0x00000214f7e0e000 JavaThread "Unconstrained build operations Thread 44" [_thread_blocked, id=19148, stack(0x0000008eae000000,0x0000008eae100000)]
  0x00000214f7e08800 JavaThread "Unconstrained build operations Thread 45" [_thread_blocked, id=10908, stack(0x0000008eae100000,0x0000008eae200000)]
  0x00000214f7e0f000 JavaThread "Unconstrained build operations Thread 46" [_thread_blocked, id=14992, stack(0x0000008eae200000,0x0000008eae300000)]
  0x00000214f7e0c800 JavaThread "Unconstrained build operations Thread 47" [_thread_blocked, id=16672, stack(0x0000008eae300000,0x0000008eae400000)]
  0x00000214f7e0a000 JavaThread "Unconstrained build operations Thread 48" [_thread_blocked, id=10880, stack(0x0000008eae400000,0x0000008eae500000)]
  0x00000214f7e09000 JavaThread "Unconstrained build operations Thread 49" [_thread_blocked, id=22104, stack(0x0000008eae500000,0x0000008eae600000)]
  0x00000214f7e0f800 JavaThread "Unconstrained build operations Thread 50" [_thread_blocked, id=2892, stack(0x0000008eae600000,0x0000008eae700000)]
  0x00000214f7e0b000 JavaThread "Unconstrained build operations Thread 51" [_thread_blocked, id=3624, stack(0x0000008eae700000,0x0000008eae800000)]
  0x00000214f7e13000 JavaThread "Unconstrained build operations Thread 52" [_thread_blocked, id=12644, stack(0x0000008eae800000,0x0000008eae900000)]
  0x00000214f7e11800 JavaThread "Unconstrained build operations Thread 53" [_thread_blocked, id=17432, stack(0x0000008eae900000,0x0000008eaea00000)]
  0x00000214f7e14800 JavaThread "Unconstrained build operations Thread 54" [_thread_blocked, id=19460, stack(0x0000008eaea00000,0x0000008eaeb00000)]
  0x00000214f7e16000 JavaThread "Unconstrained build operations Thread 55" [_thread_blocked, id=9664, stack(0x0000008eaeb00000,0x0000008eaec00000)]
  0x00000214f7e14000 JavaThread "Unconstrained build operations Thread 56" [_thread_blocked, id=13356, stack(0x0000008eaec00000,0x0000008eaed00000)]
  0x00000214f7e15800 JavaThread "Unconstrained build operations Thread 57" [_thread_blocked, id=9340, stack(0x0000008eaed00000,0x0000008eaee00000)]
  0x00000214fb62f000 JavaThread "Unconstrained build operations Thread 58" [_thread_blocked, id=17512, stack(0x0000008eaee00000,0x0000008eaef00000)]
  0x00000214fb62d000 JavaThread "Unconstrained build operations Thread 59" [_thread_blocked, id=20900, stack(0x0000008eaef00000,0x0000008eaf000000)]
  0x00000214fb632000 JavaThread "Unconstrained build operations Thread 60" [_thread_blocked, id=11900, stack(0x0000008eaf000000,0x0000008eaf100000)]
  0x00000214fb634000 JavaThread "Unconstrained build operations Thread 61" [_thread_blocked, id=14808, stack(0x0000008eaf100000,0x0000008eaf200000)]
  0x00000214fb62e000 JavaThread "Unconstrained build operations Thread 62" [_thread_blocked, id=4848, stack(0x0000008eaf200000,0x0000008eaf300000)]
  0x00000214fb62f800 JavaThread "Unconstrained build operations Thread 63" [_thread_blocked, id=2564, stack(0x0000008eaf300000,0x0000008eaf400000)]
  0x00000214fb636000 JavaThread "Unconstrained build operations Thread 64" [_thread_blocked, id=21300, stack(0x0000008eaf400000,0x0000008eaf500000)]
  0x00000214fb630800 JavaThread "Unconstrained build operations Thread 65" [_thread_blocked, id=9480, stack(0x0000008eaf500000,0x0000008eaf600000)]
  0x00000214fb634800 JavaThread "Unconstrained build operations Thread 66" [_thread_blocked, id=10128, stack(0x0000008eaf600000,0x0000008eaf700000)]
  0x00000214fb637000 JavaThread "Unconstrained build operations Thread 67" [_thread_blocked, id=10172, stack(0x0000008eaf700000,0x0000008eaf800000)]
  0x00000214fb631800 JavaThread "Unconstrained build operations Thread 68" [_thread_blocked, id=10316, stack(0x0000008eaf800000,0x0000008eaf900000)]
  0x00000214fb63b000 JavaThread "Unconstrained build operations Thread 69" [_thread_blocked, id=16876, stack(0x0000008eaf900000,0x0000008eafa00000)]
  0x00000214fb63a800 JavaThread "Unconstrained build operations Thread 70" [_thread_blocked, id=2912, stack(0x0000008eafa00000,0x0000008eafb00000)]
  0x00000214fb638000 JavaThread "Unconstrained build operations Thread 71" [_thread_blocked, id=1936, stack(0x0000008eafb00000,0x0000008eafc00000)]
  0x00000214fb63c000 JavaThread "Unconstrained build operations Thread 72" [_thread_blocked, id=2704, stack(0x0000008eafc00000,0x0000008eafd00000)]
  0x00000214fb638800 JavaThread "Unconstrained build operations Thread 73" [_thread_blocked, id=21620, stack(0x0000008eafd00000,0x0000008eafe00000)]
  0x00000214fb639800 JavaThread "Unconstrained build operations Thread 74" [_thread_blocked, id=20964, stack(0x0000008eafe00000,0x0000008eaff00000)]
  0x00000214fe6d4800 JavaThread "Unconstrained build operations Thread 75" [_thread_blocked, id=21876, stack(0x0000008eaff00000,0x0000008eb0000000)]
  0x00000214fe6d4000 JavaThread "Unconstrained build operations Thread 76" [_thread_blocked, id=11852, stack(0x0000008eb0000000,0x0000008eb0100000)]
  0x00000214fe6d6000 JavaThread "Unconstrained build operations Thread 77" [_thread_blocked, id=4952, stack(0x0000008eb0100000,0x0000008eb0200000)]
  0x00000214fe6db000 JavaThread "Unconstrained build operations Thread 78" [_thread_blocked, id=16176, stack(0x0000008eb0200000,0x0000008eb0300000)]
  0x00000214fe6d8800 JavaThread "Unconstrained build operations Thread 79" [_thread_blocked, id=13700, stack(0x0000008eb0800000,0x0000008eb0900000)]
  0x00000214fe6da800 JavaThread "Unconstrained build operations Thread 80" [_thread_blocked, id=2504, stack(0x0000008eb0900000,0x0000008eb0a00000)]
  0x00000214fe6d5800 JavaThread "build event listener" [_thread_blocked, id=956, stack(0x0000008eb0e00000,0x0000008eb0f00000)]
  0x00000214fe6d9800 JavaThread "included builds" [_thread_in_native, id=6168, stack(0x0000008eb0f00000,0x0000008eb1000000)]
  0x00000214fe6dc000 JavaThread "Execution worker for ':'" [_thread_blocked, id=10296, stack(0x0000008eb1000000,0x0000008eb1100000)]
  0x00000214fe6dd800 JavaThread "Execution worker for ':' Thread 2" [_thread_blocked, id=22408, stack(0x0000008eb1100000,0x0000008eb1200000)]
  0x00000214fe6dc800 JavaThread "Execution worker for ':' Thread 3" [_thread_blocked, id=17624, stack(0x0000008eb1200000,0x0000008eb1300000)]
  0x00000214fe6d8000 JavaThread "Execution worker for ':' Thread 4" [_thread_blocked, id=20572, stack(0x0000008eb1300000,0x0000008eb1400000)]
  0x00000214fe6df000 JavaThread "Execution worker for ':' Thread 5" [_thread_blocked, id=16488, stack(0x0000008eb1400000,0x0000008eb1500000)]
  0x00000214fe6e0000 JavaThread "Execution worker for ':' Thread 6" [_thread_blocked, id=2068, stack(0x0000008eb1500000,0x0000008eb1600000)]
  0x00000214fe6e1000 JavaThread "Execution worker for ':' Thread 7" [_thread_blocked, id=3724, stack(0x0000008eb1600000,0x0000008eb1700000)]
  0x00000214fe6e2800 JavaThread "Cache worker for execution history cache (C:\Users\PC\AndroidStudioProjects\List\.gradle\7.4\executionHistory)" [_thread_blocked, id=16348, stack(0x0000008eb1700000,0x0000008eb1800000)]
  0x00000214f7cda800 JavaThread "WorkerExecutor Queue" [_thread_blocked, id=3280, stack(0x0000008eb0b00000,0x0000008eb0c00000)]
  0x00000214f4d7d000 JavaThread "C2 CompilerThread1" daemon [_thread_in_native, id=15564, stack(0x0000008eb0d00000,0x0000008eb0e00000)]
  0x00000214f7cdc000 JavaThread "WorkerExecutor Queue Thread 2" [_thread_blocked, id=2264, stack(0x0000008eb1800000,0x0000008eb1900000)]
  0x00000214f4d7b000 JavaThread "C2 CompilerThread2" daemon [_thread_in_native, id=2180, stack(0x0000008eb1900000,0x0000008eb1a00000)]

Other Threads:
  0x00000214f13f2800 VMThread "VM Thread" [stack: 0x0000008ea8600000,0x0000008ea8700000] [id=19760]
  0x00000214f1ef3000 WatcherThread [stack: 0x0000008ea9000000,0x0000008ea9100000] [id=6320]
  0x00000214d6f69000 GCTaskThread "GC Thread#0" [stack: 0x0000008ea8100000,0x0000008ea8200000] [id=6740]
  0x00000214f21c7000 GCTaskThread "GC Thread#1" [stack: 0x0000008ea9200000,0x0000008ea9300000] [id=12624]
  0x00000214f2dae800 GCTaskThread "GC Thread#2" [stack: 0x0000008ea9300000,0x0000008ea9400000] [id=10364]
  0x00000214f3e11000 GCTaskThread "GC Thread#3" [stack: 0x0000008ea9d00000,0x0000008ea9e00000] [id=22416]
  0x00000214f4a78800 GCTaskThread "GC Thread#4" [stack: 0x0000008ea9e00000,0x0000008ea9f00000] [id=15804]
  0x00000214f4da4800 GCTaskThread "GC Thread#5" [stack: 0x0000008ea9f00000,0x0000008eaa000000] [id=12752]
  0x00000214f4da5000 GCTaskThread "GC Thread#6" [stack: 0x0000008eaa000000,0x0000008eaa100000] [id=3784]
  0x00000214f3e78800 GCTaskThread "GC Thread#7" [stack: 0x0000008eaa100000,0x0000008eaa200000] [id=6420]
  0x00000214d6f99800 ConcurrentGCThread "G1 Main Marker" [stack: 0x0000008ea8200000,0x0000008ea8300000] [id=19432]
  0x00000214d6f9b800 ConcurrentGCThread "G1 Conc#0" [stack: 0x0000008ea8300000,0x0000008ea8400000] [id=9792]
  0x00000214f4115800 ConcurrentGCThread "G1 Conc#1" [stack: 0x0000008eaa500000,0x0000008eaa600000] [id=15692]
  0x00000214d702d800 ConcurrentGCThread "G1 Refine#0" [stack: 0x0000008ea8400000,0x0000008ea8500000] [id=6816]
  0x00000214f535a000 ConcurrentGCThread "G1 Refine#1" [stack: 0x0000008eaa800000,0x0000008eaa900000] [id=18300]
  0x00000214f535b000 ConcurrentGCThread "G1 Refine#2" [stack: 0x0000008eaa900000,0x0000008eaaa00000] [id=1068]
  0x00000214f535b800 ConcurrentGCThread "G1 Refine#3" [stack: 0x0000008eaaa00000,0x0000008eaab00000] [id=5160]
  0x00000214d702e800 ConcurrentGCThread "G1 Young RemSet Sampling" [stack: 0x0000008ea8500000,0x0000008ea8600000] [id=21616]

Threads with active compile tasks:
C2 CompilerThread01284982 23541       4       com.android.ide.common.blame.MergingLogPersistUtil$$Lambda$2747/0x0000000100eb8840::accept (12 bytes)
C2 CompilerThread11284982 23542       4       com.android.ide.common.blame.MergingLogPersistUtil::lambda$normalize$0 (107 bytes)
C2 CompilerThread21284982 23556       4       com.google.gson.stream.JsonWriter::value (24 bytes)

VM state:not at safepoint (normal execution)

VM Mutex/Monitor currently owned by a thread: None

Heap address: 0x0000000080000000, size: 2048 MB, Compressed Oops mode: 32-bit
Narrow klass base: 0x0000000000000000, Narrow klass shift: 3
Compressed class space size: 1073741824 Address: 0x0000000100000000

Heap:
 garbage-first heap   total 273408K, used 198944K [0x0000000080000000, 0x0000000100000000)
  region size 1024K, 9 young (9216K), 4 survivors (4096K)
 Metaspace       used 136428K, capacity 140574K, committed 140968K, reserved 1171456K
  class space    used 16966K, capacity 18451K, committed 18764K, reserved 1048576K
Heap Regions: E=young(eden), S=young(survivor), O=old, HS=humongous(starts), HC=humongous(continues), CS=collection set, F=free, A=archive, TAMS=top-at-mark-start (previous, next)
|   0|0x0000000080000000, 0x0000000080100000, 0x0000000080100000|100%| O|  |TAMS 0x0000000080100000, 0x0000000080000000| Complete 
|   1|0x0000000080100000, 0x0000000080200000, 0x0000000080200000|100%| O|  |TAMS 0x0000000080200000, 0x0000000080100000| Untracked 
|   2|0x0000000080200000, 0x0000000080300000, 0x0000000080300000|100%| O|  |TAMS 0x0000000080300000, 0x0000000080200000| Untracked 
|   3|0x0000000080300000, 0x0000000080400000, 0x0000000080400000|100%|HS|  |TAMS 0x0000000080400000, 0x0000000080300000| Complete 
|   4|0x0000000080400000, 0x0000000080500000, 0x0000000080500000|100%|HC|  |TAMS 0x0000000080500000, 0x0000000080400000| Complete 
|   5|0x0000000080500000, 0x0000000080600000, 0x0000000080600000|100%|HC|  |TAMS 0x0000000080600000, 0x0000000080500000| Complete 
|   6|0x0000000080600000, 0x0000000080700000, 0x0000000080700000|100%| O|  |TAMS 0x0000000080700000, 0x0000000080600000| Untracked 
|   7|0x0000000080700000, 0x0000000080800000, 0x0000000080800000|100%| O|  |TAMS 0x0000000080800000, 0x0000000080700000| Complete 
|   8|0x0000000080800000, 0x0000000080900000, 0x0000000080900000|100%| O|  |TAMS 0x0000000080900000, 0x0000000080800000| Untracked 
|   9|0x0000000080900000, 0x0000000080a00000, 0x0000000080a00000|100%| O|  |TAMS 0x0000000080a00000, 0x0000000080900000| Untracked 
|  10|0x0000000080a00000, 0x0000000080b00000, 0x0000000080b00000|100%| O|  |TAMS 0x0000000080b00000, 0x0000000080a00000| Untracked 
|  11|0x0000000080b00000, 0x0000000080c00000, 0x0000000080c00000|100%| O|  |TAMS 0x0000000080c00000, 0x0000000080b00000| Untracked 
|  12|0x0000000080c00000, 0x0000000080d00000, 0x0000000080d00000|100%| O|  |TAMS 0x0000000080d00000, 0x0000000080c00000| Untracked 
|  13|0x0000000080d00000, 0x0000000080e00000, 0x0000000080e00000|100%| O|  |TAMS 0x0000000080e00000, 0x0000000080d00000| Untracked 
|  14|0x0000000080e00000, 0x0000000080f00000, 0x0000000080f00000|100%| O|  |TAMS 0x0000000080f00000, 0x0000000080e00000| Untracked 
|  15|0x0000000080f00000, 0x0000000081000000, 0x0000000081000000|100%| O|  |TAMS 0x0000000081000000, 0x0000000080f00000| Untracked 
|  16|0x0000000081000000, 0x0000000081100000, 0x0000000081100000|100%|HS|  |TAMS 0x0000000081100000, 0x0000000081000000| Complete 
|  17|0x0000000081100000, 0x0000000081200000, 0x0000000081200000|100%| O|  |TAMS 0x0000000081200000, 0x0000000081100000| Untracked 
|  18|0x0000000081200000, 0x0000000081300000, 0x0000000081300000|100%| O|  |TAMS 0x0000000081300000, 0x0000000081200000| Untracked 
|  19|0x0000000081300000, 0x0000000081400000, 0x0000000081400000|100%| O|  |TAMS 0x0000000081400000, 0x0000000081300000| Untracked 
|  20|0x0000000081400000, 0x0000000081500000, 0x0000000081500000|100%| O|  |TAMS 0x0000000081500000, 0x0000000081400000| Complete 
|  21|0x0000000081500000, 0x0000000081600000, 0x0000000081600000|100%| O|  |TAMS 0x0000000081600000, 0x0000000081500000| Untracked 
|  22|0x0000000081600000, 0x0000000081700000, 0x0000000081700000|100%| O|  |TAMS 0x0000000081700000, 0x0000000081600000| Untracked 
|  23|0x0000000081700000, 0x0000000081800000, 0x0000000081800000|100%| O|  |TAMS 0x0000000081800000, 0x0000000081700000| Untracked 
|  24|0x0000000081800000, 0x0000000081900000, 0x0000000081900000|100%| O|  |TAMS 0x0000000081900000, 0x0000000081800000| Untracked 
|  25|0x0000000081900000, 0x0000000081a00000, 0x0000000081a00000|100%| O|  |TAMS 0x0000000081a00000, 0x0000000081900000| Untracked 
|  26|0x0000000081a00000, 0x0000000081b00000, 0x0000000081b00000|100%| O|  |TAMS 0x0000000081b00000, 0x0000000081a00000| Untracked 
|  27|0x0000000081b00000, 0x0000000081c00000, 0x0000000081c00000|100%| O|  |TAMS 0x0000000081c00000, 0x0000000081b00000| Complete 
|  28|0x0000000081c00000, 0x0000000081d00000, 0x0000000081d00000|100%|HS|  |TAMS 0x0000000081d00000, 0x0000000081c00000| Complete 
|  29|0x0000000081d00000, 0x0000000081e00000, 0x0000000081e00000|100%| O|  |TAMS 0x0000000081e00000, 0x0000000081d00000| Untracked 
|  30|0x0000000081e00000, 0x0000000081f00000, 0x0000000081f00000|100%|HS|  |TAMS 0x0000000081f00000, 0x0000000081e00000| Complete 
|  31|0x0000000081f00000, 0x0000000082000000, 0x0000000082000000|100%|HC|  |TAMS 0x0000000082000000, 0x0000000081f00000| Complete 
|  32|0x0000000082000000, 0x0000000082100000, 0x0000000082100000|100%| O|  |TAMS 0x0000000082100000, 0x0000000082000000| Untracked 
|  33|0x0000000082100000, 0x0000000082200000, 0x0000000082200000|100%| O|  |TAMS 0x0000000082200000, 0x0000000082100000| Untracked 
|  34|0x0000000082200000, 0x0000000082300000, 0x0000000082300000|100%| O|  |TAMS 0x0000000082300000, 0x0000000082200000| Untracked 
|  35|0x0000000082300000, 0x0000000082400000, 0x0000000082400000|100%| O|  |TAMS 0x0000000082400000, 0x0000000082300000| Untracked 
|  36|0x0000000082400000, 0x0000000082500000, 0x0000000082500000|100%| O|  |TAMS 0x0000000082500000, 0x0000000082400000| Complete 
|  37|0x0000000082500000, 0x0000000082600000, 0x0000000082600000|100%| O|  |TAMS 0x0000000082600000, 0x0000000082500000| Untracked 
|  38|0x0000000082600000, 0x0000000082700000, 0x0000000082700000|100%| O|  |TAMS 0x0000000082700000, 0x0000000082600000| Complete 
|  39|0x0000000082700000, 0x0000000082800000, 0x0000000082800000|100%| O|  |TAMS 0x0000000082800000, 0x0000000082700000| Untracked 
|  40|0x0000000082800000, 0x0000000082900000, 0x0000000082900000|100%| O|  |TAMS 0x0000000082900000, 0x0000000082800000| Complete 
|  41|0x0000000082900000, 0x0000000082a00000, 0x0000000082a00000|100%| O|  |TAMS 0x0000000082a00000, 0x0000000082900000| Untracked 
|  42|0x0000000082a00000, 0x0000000082b00000, 0x0000000082b00000|100%| O|  |TAMS 0x0000000082b00000, 0x0000000082a00000| Untracked 
|  43|0x0000000082b00000, 0x0000000082c00000, 0x0000000082c00000|100%| O|  |TAMS 0x0000000082c00000, 0x0000000082b00000| Complete 
|  44|0x0000000082c00000, 0x0000000082d00000, 0x0000000082d00000|100%| O|  |TAMS 0x0000000082d00000, 0x0000000082c00000| Complete 
|  45|0x0000000082d00000, 0x0000000082e00000, 0x0000000082e00000|100%| O|  |TAMS 0x0000000082e00000, 0x0000000082d00000| Untracked 
|  46|0x0000000082e00000, 0x0000000082f00000, 0x0000000082f00000|100%| O|  |TAMS 0x0000000082f00000, 0x0000000082e00000| Untracked 
|  47|0x0000000082f00000, 0x0000000083000000, 0x0000000083000000|100%| O|  |TAMS 0x0000000083000000, 0x0000000082f00000| Untracked 
|  48|0x0000000083000000, 0x0000000083100000, 0x0000000083100000|100%| O|  |TAMS 0x0000000083100000, 0x0000000083000000| Complete 
|  49|0x0000000083100000, 0x0000000083200000, 0x0000000083200000|100%| O|  |TAMS 0x0000000083200000, 0x0000000083100000| Untracked 
|  50|0x0000000083200000, 0x0000000083300000, 0x0000000083300000|100%| O|  |TAMS 0x0000000083300000, 0x0000000083200000| Untracked 
|  51|0x0000000083300000, 0x0000000083400000, 0x0000000083400000|100%| O|  |TAMS 0x0000000083400000, 0x0000000083300000| Untracked 
|  52|0x0000000083400000, 0x0000000083500000, 0x0000000083500000|100%| O|  |TAMS 0x0000000083500000, 0x0000000083400000| Untracked 
|  53|0x0000000083500000, 0x0000000083600000, 0x0000000083600000|100%| O|  |TAMS 0x0000000083600000, 0x0000000083500000| Complete 
|  54|0x0000000083600000, 0x0000000083700000, 0x0000000083700000|100%| O|  |TAMS 0x0000000083700000, 0x0000000083600000| Complete 
|  55|0x0000000083700000, 0x0000000083800000, 0x0000000083800000|100%| O|  |TAMS 0x0000000083800000, 0x0000000083700000| Complete 
|  56|0x0000000083800000, 0x0000000083900000, 0x0000000083900000|100%| O|  |TAMS 0x0000000083900000, 0x0000000083800000| Complete 
|  57|0x0000000083900000, 0x0000000083a00000, 0x0000000083a00000|100%| O|  |TAMS 0x0000000083a00000, 0x0000000083900000| Complete 
|  58|0x0000000083a00000, 0x0000000083b00000, 0x0000000083b00000|100%| O|  |TAMS 0x0000000083b00000, 0x0000000083a00000| Untracked 
|  59|0x0000000083b00000, 0x0000000083c00000, 0x0000000083c00000|100%| O|  |TAMS 0x0000000083c00000, 0x0000000083b00000| Untracked 
|  60|0x0000000083c00000, 0x0000000083d00000, 0x0000000083d00000|100%| O|  |TAMS 0x0000000083d00000, 0x0000000083c00000| Complete 
|  61|0x0000000083d00000, 0x0000000083e00000, 0x0000000083e00000|100%| O|  |TAMS 0x0000000083e00000, 0x0000000083d00000| Complete 
|  62|0x0000000083e00000, 0x0000000083f00000, 0x0000000083f00000|100%| O|  |TAMS 0x0000000083f00000, 0x0000000083e00000| Complete 
|  63|0x0000000083f00000, 0x0000000084000000, 0x0000000084000000|100%| O|  |TAMS 0x0000000084000000, 0x0000000083f00000| Untracked 
|  64|0x0000000084000000, 0x0000000084100000, 0x0000000084100000|100%| O|  |TAMS 0x0000000084100000, 0x0000000084000000| Untracked 
|  65|0x0000000084100000, 0x0000000084200000, 0x0000000084200000|100%| O|  |TAMS 0x0000000084200000, 0x0000000084100000| Complete 
|  66|0x0000000084200000, 0x0000000084300000, 0x0000000084300000|100%| O|  |TAMS 0x0000000084300000, 0x0000000084200000| Complete 
|  67|0x0000000084300000, 0x0000000084400000, 0x0000000084400000|100%| O|  |TAMS 0x0000000084400000, 0x0000000084300000| Complete 
|  68|0x0000000084400000, 0x0000000084500000, 0x0000000084500000|100%| O|  |TAMS 0x0000000084500000, 0x0000000084400000| Complete 
|  69|0x0000000084500000, 0x0000000084600000, 0x0000000084600000|100%| O|  |TAMS 0x0000000084600000, 0x0000000084500000| Complete 
|  70|0x0000000084600000, 0x0000000084700000, 0x0000000084700000|100%| O|  |TAMS 0x0000000084700000, 0x0000000084600000| Complete 
|  71|0x0000000084700000, 0x0000000084800000, 0x0000000084800000|100%| O|  |TAMS 0x0000000084800000, 0x0000000084700000| Untracked 
|  72|0x0000000084800000, 0x0000000084900000, 0x0000000084900000|100%| O|  |TAMS 0x0000000084900000, 0x0000000084800000| Complete 
|  73|0x0000000084900000, 0x0000000084a00000, 0x0000000084a00000|100%| O|  |TAMS 0x0000000084a00000, 0x0000000084900000| Untracked 
|  74|0x0000000084a00000, 0x0000000084b00000, 0x0000000084b00000|100%| O|  |TAMS 0x0000000084b00000, 0x0000000084a00000| Untracked 
|  75|0x0000000084b00000, 0x0000000084c00000, 0x0000000084c00000|100%| O|  |TAMS 0x0000000084c00000, 0x0000000084b00000| Untracked 
|  76|0x0000000084c00000, 0x0000000084d00000, 0x0000000084d00000|100%| O|  |TAMS 0x0000000084d00000, 0x0000000084c00000| Complete 
|  77|0x0000000084d00000, 0x0000000084e00000, 0x0000000084e00000|100%| O|  |TAMS 0x0000000084e00000, 0x0000000084d00000| Untracked 
|  78|0x0000000084e00000, 0x0000000084e00000, 0x0000000084f00000|  0%| F|  |TAMS 0x0000000084e00000, 0x0000000084e00000| Untracked 
|  79|0x0000000084f00000, 0x0000000085000000, 0x0000000085000000|100%| O|  |TAMS 0x0000000085000000, 0x0000000084f00000| Untracked 
|  80|0x0000000085000000, 0x0000000085100000, 0x0000000085100000|100%| O|  |TAMS 0x0000000085100000, 0x0000000085000000| Untracked 
|  81|0x0000000085100000, 0x0000000085200000, 0x0000000085200000|100%| O|  |TAMS 0x0000000085200000, 0x0000000085100000| Complete 
|  82|0x0000000085200000, 0x0000000085300000, 0x0000000085300000|100%| O|  |TAMS 0x0000000085300000, 0x0000000085200000| Complete 
|  83|0x0000000085300000, 0x0000000085400000, 0x0000000085400000|100%| O|  |TAMS 0x0000000085400000, 0x0000000085300000| Untracked 
|  84|0x0000000085400000, 0x0000000085500000, 0x0000000085500000|100%| O|  |TAMS 0x0000000085500000, 0x0000000085400000| Complete 
|  85|0x0000000085500000, 0x0000000085600000, 0x0000000085600000|100%| O|  |TAMS 0x0000000085600000, 0x0000000085500000| Untracked 
|  86|0x0000000085600000, 0x0000000085700000, 0x0000000085700000|100%|HS|  |TAMS 0x0000000085700000, 0x0000000085600000| Complete 
|  87|0x0000000085700000, 0x0000000085800000, 0x0000000085800000|100%|HS|  |TAMS 0x0000000085800000, 0x0000000085700000| Complete 
|  88|0x0000000085800000, 0x0000000085900000, 0x0000000085900000|100%| O|  |TAMS 0x0000000085900000, 0x0000000085800000| Untracked 
|  89|0x0000000085900000, 0x0000000085a00000, 0x0000000085a00000|100%| O|  |TAMS 0x0000000085a00000, 0x0000000085900000| Complete 
|  90|0x0000000085a00000, 0x0000000085b00000, 0x0000000085b00000|100%|HS|  |TAMS 0x0000000085b00000, 0x0000000085a00000| Complete 
|  91|0x0000000085b00000, 0x0000000085c00000, 0x0000000085c00000|100%|HS|  |TAMS 0x0000000085c00000, 0x0000000085b00000| Complete 
|  92|0x0000000085c00000, 0x0000000085d00000, 0x0000000085d00000|100%|HC|  |TAMS 0x0000000085d00000, 0x0000000085c00000| Complete 
|  93|0x0000000085d00000, 0x0000000085e00000, 0x0000000085e00000|100%| O|  |TAMS 0x0000000085e00000, 0x0000000085d00000| Complete 
|  94|0x0000000085e00000, 0x0000000085f00000, 0x0000000085f00000|100%|HS|  |TAMS 0x0000000085f00000, 0x0000000085e00000| Complete 
|  95|0x0000000085f00000, 0x0000000086000000, 0x0000000086000000|100%|HC|  |TAMS 0x0000000086000000, 0x0000000085f00000| Complete 
|  96|0x0000000086000000, 0x0000000086100000, 0x0000000086100000|100%|HC|  |TAMS 0x0000000086100000, 0x0000000086000000| Complete 
|  97|0x0000000086100000, 0x0000000086200000, 0x0000000086200000|100%|HS|  |TAMS 0x0000000086200000, 0x0000000086100000| Complete 
|  98|0x0000000086200000, 0x0000000086300000, 0x0000000086300000|100%|HC|  |TAMS 0x0000000086300000, 0x0000000086200000| Complete 
|  99|0x0000000086300000, 0x0000000086400000, 0x0000000086400000|100%|HC|  |TAMS 0x0000000086400000, 0x0000000086300000| Complete 
| 100|0x0000000086400000, 0x0000000086500000, 0x0000000086500000|100%| O|  |TAMS 0x0000000086500000, 0x0000000086400000| Untracked 
| 101|0x0000000086500000, 0x0000000086600000, 0x0000000086600000|100%| O|  |TAMS 0x0000000086600000, 0x0000000086500000| Complete 
| 102|0x0000000086600000, 0x0000000086700000, 0x0000000086700000|100%|HS|  |TAMS 0x0000000086700000, 0x0000000086600000| Complete 
| 103|0x0000000086700000, 0x0000000086800000, 0x0000000086800000|100%|HC|  |TAMS 0x0000000086800000, 0x0000000086700000| Complete 
| 104|0x0000000086800000, 0x0000000086900000, 0x0000000086900000|100%|HC|  |TAMS 0x0000000086900000, 0x0000000086800000| Complete 
| 105|0x0000000086900000, 0x0000000086a00000, 0x0000000086a00000|100%|HC|  |TAMS 0x0000000086a00000, 0x0000000086900000| Complete 
| 106|0x0000000086a00000, 0x0000000086b00000, 0x0000000086b00000|100%|HC|  |TAMS 0x0000000086b00000, 0x0000000086a00000| Complete 
| 107|0x0000000086b00000, 0x0000000086c00000, 0x0000000086c00000|100%| O|  |TAMS 0x0000000086c00000, 0x0000000086b00000| Complete 
| 108|0x0000000086c00000, 0x0000000086d00000, 0x0000000086d00000|100%| O|  |TAMS 0x0000000086d00000, 0x0000000086c00000| Complete 
| 109|0x0000000086d00000, 0x0000000086e00000, 0x0000000086e00000|100%| O|  |TAMS 0x0000000086e00000, 0x0000000086d00000| Untracked 
| 110|0x0000000086e00000, 0x0000000086f00000, 0x0000000086f00000|100%| O|  |TAMS 0x0000000086f00000, 0x0000000086e00000| Complete 
| 111|0x0000000086f00000, 0x0000000087000000, 0x0000000087000000|100%|HS|  |TAMS 0x0000000087000000, 0x0000000086f00000| Complete 
| 112|0x0000000087000000, 0x0000000087100000, 0x0000000087100000|100%|HC|  |TAMS 0x0000000087100000, 0x0000000087000000| Complete 
| 113|0x0000000087100000, 0x0000000087200000, 0x0000000087200000|100%|HC|  |TAMS 0x0000000087200000, 0x0000000087100000| Complete 
| 114|0x0000000087200000, 0x0000000087300000, 0x0000000087300000|100%|HC|  |TAMS 0x0000000087300000, 0x0000000087200000| Complete 
| 115|0x0000000087300000, 0x0000000087400000, 0x0000000087400000|100%|HS|  |TAMS 0x0000000087400000, 0x0000000087300000| Complete 
| 116|0x0000000087400000, 0x0000000087500000, 0x0000000087500000|100%|HC|  |TAMS 0x0000000087500000, 0x0000000087400000| Complete 
| 117|0x0000000087500000, 0x0000000087600000, 0x0000000087600000|100%|HS|  |TAMS 0x0000000087600000, 0x0000000087500000| Complete 
| 118|0x0000000087600000, 0x0000000087700000, 0x0000000087700000|100%|HC|  |TAMS 0x0000000087700000, 0x0000000087600000| Complete 
| 119|0x0000000087700000, 0x0000000087800000, 0x0000000087800000|100%|HC|  |TAMS 0x0000000087800000, 0x0000000087700000| Complete 
| 120|0x0000000087800000, 0x0000000087900000, 0x0000000087900000|100%|HS|  |TAMS 0x0000000087900000, 0x0000000087800000| Complete 
| 121|0x0000000087900000, 0x0000000087a00000, 0x0000000087a00000|100%|HC|  |TAMS 0x0000000087a00000, 0x0000000087900000| Complete 
| 122|0x0000000087a00000, 0x0000000087b00000, 0x0000000087b00000|100%|HC|  |TAMS 0x0000000087b00000, 0x0000000087a00000| Complete 
| 123|0x0000000087b00000, 0x0000000087c00000, 0x0000000087c00000|100%|HS|  |TAMS 0x0000000087c00000, 0x0000000087b00000| Complete 
| 124|0x0000000087c00000, 0x0000000087d00000, 0x0000000087d00000|100%|HC|  |TAMS 0x0000000087d00000, 0x0000000087c00000| Complete 
| 125|0x0000000087d00000, 0x0000000087e00000, 0x0000000087e00000|100%|HC|  |TAMS 0x0000000087e00000, 0x0000000087d00000| Complete 
| 126|0x0000000087e00000, 0x0000000087f00000, 0x0000000087f00000|100%|HC|  |TAMS 0x0000000087f00000, 0x0000000087e00000| Complete 
| 127|0x0000000087f00000, 0x0000000088000000, 0x0000000088000000|100%|HS|  |TAMS 0x0000000088000000, 0x0000000087f00000| Complete 
| 128|0x0000000088000000, 0x0000000088100000, 0x0000000088100000|100%|HC|  |TAMS 0x0000000088100000, 0x0000000088000000| Complete 
| 129|0x0000000088100000, 0x0000000088200000, 0x0000000088200000|100%|HC|  |TAMS 0x0000000088200000, 0x0000000088100000| Complete 
| 130|0x0000000088200000, 0x0000000088300000, 0x0000000088300000|100%|HC|  |TAMS 0x0000000088300000, 0x0000000088200000| Complete 
| 131|0x0000000088300000, 0x0000000088400000, 0x0000000088400000|100%|HC|  |TAMS 0x0000000088400000, 0x0000000088300000| Complete 
| 132|0x0000000088400000, 0x0000000088500000, 0x0000000088500000|100%|HS|  |TAMS 0x0000000088500000, 0x0000000088400000| Complete 
| 133|0x0000000088500000, 0x0000000088600000, 0x0000000088600000|100%|HC|  |TAMS 0x0000000088600000, 0x0000000088500000| Complete 
| 134|0x0000000088600000, 0x0000000088700000, 0x0000000088700000|100%|HC|  |TAMS 0x0000000088700000, 0x0000000088600000| Complete 
| 135|0x0000000088700000, 0x0000000088800000, 0x0000000088800000|100%|HC|  |TAMS 0x0000000088800000, 0x0000000088700000| Complete 
| 136|0x0000000088800000, 0x0000000088900000, 0x0000000088900000|100%|HC|  |TAMS 0x0000000088900000, 0x0000000088800000| Complete 
| 137|0x0000000088900000, 0x0000000088a00000, 0x0000000088a00000|100%| O|  |TAMS 0x0000000088a00000, 0x0000000088900000| Complete 
| 138|0x0000000088a00000, 0x0000000088b00000, 0x0000000088b00000|100%|HS|  |TAMS 0x0000000088b00000, 0x0000000088a00000| Complete 
| 139|0x0000000088b00000, 0x0000000088c00000, 0x0000000088c00000|100%|HC|  |TAMS 0x0000000088c00000, 0x0000000088b00000| Complete 
| 140|0x0000000088c00000, 0x0000000088d00000, 0x0000000088d00000|100%|HC|  |TAMS 0x0000000088d00000, 0x0000000088c00000| Complete 
| 141|0x0000000088d00000, 0x0000000088e00000, 0x0000000088e00000|100%|HC|  |TAMS 0x0000000088e00000, 0x0000000088d00000| Complete 
| 142|0x0000000088e00000, 0x0000000088f00000, 0x0000000088f00000|100%|HS|  |TAMS 0x0000000088f00000, 0x0000000088e00000| Complete 
| 143|0x0000000088f00000, 0x0000000089000000, 0x0000000089000000|100%|HC|  |TAMS 0x0000000089000000, 0x0000000088f00000| Complete 
| 144|0x0000000089000000, 0x0000000089100000, 0x0000000089100000|100%|HC|  |TAMS 0x0000000089100000, 0x0000000089000000| Complete 
| 145|0x0000000089100000, 0x0000000089200000, 0x0000000089200000|100%|HS|  |TAMS 0x0000000089200000, 0x0000000089100000| Complete 
| 146|0x0000000089200000, 0x0000000089300000, 0x0000000089300000|100%|HC|  |TAMS 0x0000000089300000, 0x0000000089200000| Complete 
| 147|0x0000000089300000, 0x0000000089300000, 0x0000000089400000|  0%| F|  |TAMS 0x0000000089300000, 0x0000000089300000| Untracked 
| 148|0x0000000089400000, 0x0000000089500000, 0x0000000089500000|100%| O|  |TAMS 0x0000000089500000, 0x0000000089400000| Untracked 
| 149|0x0000000089500000, 0x0000000089600000, 0x0000000089600000|100%| O|  |TAMS 0x0000000089600000, 0x0000000089500000| Untracked 
| 150|0x0000000089600000, 0x0000000089700000, 0x0000000089700000|100%|HS|  |TAMS 0x0000000089700000, 0x0000000089600000| Complete 
| 151|0x0000000089700000, 0x0000000089800000, 0x0000000089800000|100%|HC|  |TAMS 0x0000000089800000, 0x0000000089700000| Complete 
| 152|0x0000000089800000, 0x0000000089900000, 0x0000000089900000|100%|HC|  |TAMS 0x0000000089900000, 0x0000000089800000| Complete 
| 153|0x0000000089900000, 0x0000000089a00000, 0x0000000089a00000|100%| O|  |TAMS 0x0000000089a00000, 0x0000000089900000| Untracked 
| 154|0x0000000089a00000, 0x0000000089b00000, 0x0000000089b00000|100%| O|  |TAMS 0x0000000089b00000, 0x0000000089a00000| Untracked 
| 155|0x0000000089b00000, 0x0000000089c00000, 0x0000000089c00000|100%| O|  |TAMS 0x0000000089c00000, 0x0000000089b00000| Untracked 
| 156|0x0000000089c00000, 0x0000000089c62200, 0x0000000089d00000| 38%| O|  |TAMS 0x0000000089c00000, 0x0000000089c00000| Untracked 
| 157|0x0000000089d00000, 0x0000000089e00000, 0x0000000089e00000|100%| O|  |TAMS 0x0000000089e00000, 0x0000000089d00000| Complete 
| 158|0x0000000089e00000, 0x0000000089f00000, 0x0000000089f00000|100%| O|  |TAMS 0x0000000089f00000, 0x0000000089e00000| Complete 
| 159|0x0000000089f00000, 0x0000000089f00000, 0x000000008a000000|  0%| F|  |TAMS 0x0000000089f00000, 0x0000000089f00000| Untracked 
| 160|0x000000008a000000, 0x000000008a100000, 0x000000008a100000|100%| O|  |TAMS 0x000000008a100000, 0x000000008a000000| Untracked 
| 161|0x000000008a100000, 0x000000008a200000, 0x000000008a200000|100%| O|  |TAMS 0x000000008a200000, 0x000000008a100000| Complete 
| 162|0x000000008a200000, 0x000000008a300000, 0x000000008a300000|100%| O|  |TAMS 0x000000008a300000, 0x000000008a200000| Untracked 
| 163|0x000000008a300000, 0x000000008a300000, 0x000000008a400000|  0%| F|  |TAMS 0x000000008a300000, 0x000000008a300000| Untracked 
| 164|0x000000008a400000, 0x000000008a400000, 0x000000008a500000|  0%| F|  |TAMS 0x000000008a400000, 0x000000008a400000| Untracked 
| 165|0x000000008a500000, 0x000000008a500000, 0x000000008a600000|  0%| F|  |TAMS 0x000000008a500000, 0x000000008a500000| Untracked 
| 166|0x000000008a600000, 0x000000008a600000, 0x000000008a700000|  0%| F|  |TAMS 0x000000008a600000, 0x000000008a600000| Untracked 
| 167|0x000000008a700000, 0x000000008a700000, 0x000000008a800000|  0%| F|  |TAMS 0x000000008a700000, 0x000000008a700000| Untracked 
| 168|0x000000008a800000, 0x000000008a900000, 0x000000008a900000|100%| O|  |TAMS 0x000000008a900000, 0x000000008a800000| Complete 
| 169|0x000000008a900000, 0x000000008aa00000, 0x000000008aa00000|100%| O|  |TAMS 0x000000008aa00000, 0x000000008a900000| Untracked 
| 170|0x000000008aa00000, 0x000000008ab00000, 0x000000008ab00000|100%| O|  |TAMS 0x000000008ab00000, 0x000000008aa00000| Untracked 
| 171|0x000000008ab00000, 0x000000008ac00000, 0x000000008ac00000|100%| O|  |TAMS 0x000000008ac00000, 0x000000008ab00000| Untracked 
| 172|0x000000008ac00000, 0x000000008ad00000, 0x000000008ad00000|100%| O|  |TAMS 0x000000008ad00000, 0x000000008ac00000| Untracked 
| 173|0x000000008ad00000, 0x000000008ae00000, 0x000000008ae00000|100%| O|  |TAMS 0x000000008ae00000, 0x000000008ad00000| Untracked 
| 174|0x000000008ae00000, 0x000000008af00000, 0x000000008af00000|100%| O|  |TAMS 0x000000008af00000, 0x000000008ae00000| Untracked 
| 175|0x000000008af00000, 0x000000008b000000, 0x000000008b000000|100%| O|  |TAMS 0x000000008b000000, 0x000000008af00000| Untracked 
| 176|0x000000008b000000, 0x000000008b100000, 0x000000008b100000|100%| O|  |TAMS 0x000000008b100000, 0x000000008b000000| Untracked 
| 177|0x000000008b100000, 0x000000008b200000, 0x000000008b200000|100%| O|  |TAMS 0x000000008b200000, 0x000000008b100000| Untracked 
| 178|0x000000008b200000, 0x000000008b300000, 0x000000008b300000|100%| O|  |TAMS 0x000000008b300000, 0x000000008b200000| Untracked 
| 179|0x000000008b300000, 0x000000008b400000, 0x000000008b400000|100%| O|  |TAMS 0x000000008b400000, 0x000000008b300000| Untracked 
| 180|0x000000008b400000, 0x000000008b500000, 0x000000008b500000|100%| O|  |TAMS 0x000000008b500000, 0x000000008b400000| Complete 
| 181|0x000000008b500000, 0x000000008b500000, 0x000000008b600000|  0%| F|  |TAMS 0x000000008b500000, 0x000000008b500000| Untracked 
| 182|0x000000008b600000, 0x000000008b700000, 0x000000008b700000|100%| O|  |TAMS 0x000000008b700000, 0x000000008b600000| Untracked 
| 183|0x000000008b700000, 0x000000008b800000, 0x000000008b800000|100%| O|  |TAMS 0x000000008b800000, 0x000000008b700000| Untracked 
| 184|0x000000008b800000, 0x000000008b900000, 0x000000008b900000|100%| O|  |TAMS 0x000000008b900000, 0x000000008b800000| Complete 
| 185|0x000000008b900000, 0x000000008ba00000, 0x000000008ba00000|100%| O|  |TAMS 0x000000008ba00000, 0x000000008b900000| Complete 
| 186|0x000000008ba00000, 0x000000008bb00000, 0x000000008bb00000|100%| O|  |TAMS 0x000000008bb00000, 0x000000008ba00000| Complete 
| 187|0x000000008bb00000, 0x000000008bc00000, 0x000000008bc00000|100%| O|  |TAMS 0x000000008bc00000, 0x000000008bb00000| Complete 
| 188|0x000000008bc00000, 0x000000008bd00000, 0x000000008bd00000|100%| O|  |TAMS 0x000000008bc2e000, 0x000000008bc00000| Untracked 
| 189|0x000000008bd00000, 0x000000008bd00000, 0x000000008be00000|  0%| F|  |TAMS 0x000000008bd00000, 0x000000008bd00000| Untracked 
| 190|0x000000008be00000, 0x000000008be00000, 0x000000008bf00000|  0%| F|  |TAMS 0x000000008be00000, 0x000000008be00000| Untracked 
| 191|0x000000008bf00000, 0x000000008c000000, 0x000000008c000000|100%| O|  |TAMS 0x000000008c000000, 0x000000008bf00000| Untracked 
| 192|0x000000008c000000, 0x000000008c100000, 0x000000008c100000|100%| O|  |TAMS 0x000000008c100000, 0x000000008c000000| Complete 
| 193|0x000000008c100000, 0x000000008c200000, 0x000000008c200000|100%| O|  |TAMS 0x000000008c200000, 0x000000008c100000| Untracked 
| 194|0x000000008c200000, 0x000000008c300000, 0x000000008c300000|100%| O|  |TAMS 0x000000008c300000, 0x000000008c200000| Complete 
| 195|0x000000008c300000, 0x000000008c400000, 0x000000008c400000|100%| O|  |TAMS 0x000000008c400000, 0x000000008c300000| Complete 
| 196|0x000000008c400000, 0x000000008c500000, 0x000000008c500000|100%| O|  |TAMS 0x000000008c500000, 0x000000008c400000| Complete 
| 197|0x000000008c500000, 0x000000008c500000, 0x000000008c600000|  0%| F|  |TAMS 0x000000008c500000, 0x000000008c500000| Untracked 
| 198|0x000000008c600000, 0x000000008c700000, 0x000000008c700000|100%| O|  |TAMS 0x000000008c700000, 0x000000008c600000| Complete 
| 199|0x000000008c700000, 0x000000008c700000, 0x000000008c800000|  0%| F|  |TAMS 0x000000008c700000, 0x000000008c700000| Untracked 
| 200|0x000000008c800000, 0x000000008c800000, 0x000000008c900000|  0%| F|  |TAMS 0x000000008c800000, 0x000000008c800000| Untracked 
| 201|0x000000008c900000, 0x000000008c900000, 0x000000008ca00000|  0%| F|  |TAMS 0x000000008c900000, 0x000000008c900000| Untracked 
| 202|0x000000008ca00000, 0x000000008ca00000, 0x000000008cb00000|  0%| F|  |TAMS 0x000000008ca00000, 0x000000008ca00000| Untracked 
| 203|0x000000008cb00000, 0x000000008cb00000, 0x000000008cc00000|  0%| F|  |TAMS 0x000000008cb00000, 0x000000008cb00000| Untracked 
| 204|0x000000008cc00000, 0x000000008cc00000, 0x000000008cd00000|  0%| F|  |TAMS 0x000000008cc00000, 0x000000008cc00000| Untracked 
| 205|0x000000008cd00000, 0x000000008cd00000, 0x000000008ce00000|  0%| F|  |TAMS 0x000000008cd00000, 0x000000008cd00000| Untracked 
| 206|0x000000008ce00000, 0x000000008ce00000, 0x000000008cf00000|  0%| F|  |TAMS 0x000000008ce00000, 0x000000008ce00000| Untracked 
| 207|0x000000008cf00000, 0x000000008cf00000, 0x000000008d000000|  0%| F|  |TAMS 0x000000008cf00000, 0x000000008cf00000| Untracked 
| 208|0x000000008d000000, 0x000000008d000000, 0x000000008d100000|  0%| F|  |TAMS 0x000000008d000000, 0x000000008d000000| Untracked 
| 209|0x000000008d100000, 0x000000008d100000, 0x000000008d200000|  0%| F|  |TAMS 0x000000008d100000, 0x000000008d100000| Untracked 
| 210|0x000000008d200000, 0x000000008d200000, 0x000000008d300000|  0%| F|  |TAMS 0x000000008d200000, 0x000000008d200000| Untracked 
| 211|0x000000008d300000, 0x000000008d300000, 0x000000008d400000|  0%| F|  |TAMS 0x000000008d300000, 0x000000008d300000| Untracked 
| 212|0x000000008d400000, 0x000000008d400000, 0x000000008d500000|  0%| F|  |TAMS 0x000000008d400000, 0x000000008d400000| Untracked 
| 213|0x000000008d500000, 0x000000008d500000, 0x000000008d600000|  0%| F|  |TAMS 0x000000008d500000, 0x000000008d500000| Untracked 
| 214|0x000000008d600000, 0x000000008d600000, 0x000000008d700000|  0%| F|  |TAMS 0x000000008d600000, 0x000000008d600000| Untracked 
| 215|0x000000008d700000, 0x000000008d700000, 0x000000008d800000|  0%| F|  |TAMS 0x000000008d700000, 0x000000008d700000| Untracked 
| 216|0x000000008d800000, 0x000000008d800000, 0x000000008d900000|  0%| F|  |TAMS 0x000000008d800000, 0x000000008d800000| Untracked 
| 217|0x000000008d900000, 0x000000008d900000, 0x000000008da00000|  0%| F|  |TAMS 0x000000008d900000, 0x000000008d900000| Untracked 
| 218|0x000000008da00000, 0x000000008da00000, 0x000000008db00000|  0%| F|  |TAMS 0x000000008da00000, 0x000000008da00000| Untracked 
| 219|0x000000008db00000, 0x000000008db00000, 0x000000008dc00000|  0%| F|  |TAMS 0x000000008db00000, 0x000000008db00000| Untracked 
| 220|0x000000008dc00000, 0x000000008dc00000, 0x000000008dd00000|  0%| F|  |TAMS 0x000000008dc00000, 0x000000008dc00000| Untracked 
| 221|0x000000008dd00000, 0x000000008dd00000, 0x000000008de00000|  0%| F|  |TAMS 0x000000008dd00000, 0x000000008dd00000| Untracked 
| 222|0x000000008de00000, 0x000000008de00000, 0x000000008df00000|  0%| F|  |TAMS 0x000000008de00000, 0x000000008de00000| Untracked 
| 223|0x000000008df00000, 0x000000008df00000, 0x000000008e000000|  0%| F|  |TAMS 0x000000008df00000, 0x000000008df00000| Untracked 
| 224|0x000000008e000000, 0x000000008e000000, 0x000000008e100000|  0%| F|  |TAMS 0x000000008e000000, 0x000000008e000000| Untracked 
| 225|0x000000008e100000, 0x000000008e100000, 0x000000008e200000|  0%| F|  |TAMS 0x000000008e100000, 0x000000008e100000| Untracked 
| 226|0x000000008e200000, 0x000000008e200000, 0x000000008e300000|  0%| F|  |TAMS 0x000000008e200000, 0x000000008e200000| Untracked 
| 227|0x000000008e300000, 0x000000008e300000, 0x000000008e400000|  0%| F|  |TAMS 0x000000008e300000, 0x000000008e300000| Untracked 
| 228|0x000000008e400000, 0x000000008e400000, 0x000000008e500000|  0%| F|  |TAMS 0x000000008e400000, 0x000000008e400000| Untracked 
| 229|0x000000008e500000, 0x000000008e500000, 0x000000008e600000|  0%| F|  |TAMS 0x000000008e500000, 0x000000008e500000| Untracked 
| 230|0x000000008e600000, 0x000000008e600000, 0x000000008e700000|  0%| F|  |TAMS 0x000000008e600000, 0x000000008e600000| Untracked 
| 231|0x000000008e700000, 0x000000008e700000, 0x000000008e800000|  0%| F|  |TAMS 0x000000008e700000, 0x000000008e700000| Untracked 
| 232|0x000000008e800000, 0x000000008e800000, 0x000000008e900000|  0%| F|  |TAMS 0x000000008e800000, 0x000000008e800000| Untracked 
| 233|0x000000008e900000, 0x000000008e900000, 0x000000008ea00000|  0%| F|  |TAMS 0x000000008e900000, 0x000000008e900000| Untracked 
| 234|0x000000008ea00000, 0x000000008ea00000, 0x000000008eb00000|  0%| F|  |TAMS 0x000000008ea00000, 0x000000008ea00000| Untracked 
| 235|0x000000008eb00000, 0x000000008eb00000, 0x000000008ec00000|  0%| F|  |TAMS 0x000000008eb00000, 0x000000008eb00000| Untracked 
| 236|0x000000008ec00000, 0x000000008ec00000, 0x000000008ed00000|  0%| F|  |TAMS 0x000000008ec00000, 0x000000008ec00000| Untracked 
| 237|0x000000008ed00000, 0x000000008ede5ee0, 0x000000008ee00000| 89%| S|CS|TAMS 0x000000008ed00000, 0x000000008ed00000| Complete 
| 238|0x000000008ee00000, 0x000000008ef00000, 0x000000008ef00000|100%| S|CS|TAMS 0x000000008ee00000, 0x000000008ee00000| Complete 
| 239|0x000000008ef00000, 0x000000008f000000, 0x000000008f000000|100%| S|CS|TAMS 0x000000008ef00000, 0x000000008ef00000| Complete 
| 240|0x000000008f000000, 0x000000008f100000, 0x000000008f100000|100%| S|CS|TAMS 0x000000008f000000, 0x000000008f000000| Complete 
| 241|0x000000008f100000, 0x000000008f100000, 0x000000008f200000|  0%| F|  |TAMS 0x000000008f100000, 0x000000008f100000| Untracked 
| 242|0x000000008f200000, 0x000000008f200000, 0x000000008f300000|  0%| F|  |TAMS 0x000000008f200000, 0x000000008f200000| Untracked 
| 243|0x000000008f300000, 0x000000008f300000, 0x000000008f400000|  0%| F|  |TAMS 0x000000008f300000, 0x000000008f300000| Untracked 
| 244|0x000000008f400000, 0x000000008f400000, 0x000000008f500000|  0%| F|  |TAMS 0x000000008f400000, 0x000000008f400000| Untracked 
| 245|0x000000008f500000, 0x000000008f500000, 0x000000008f600000|  0%| F|  |TAMS 0x000000008f500000, 0x000000008f500000| Untracked 
| 246|0x000000008f600000, 0x000000008f600000, 0x000000008f700000|  0%| F|  |TAMS 0x000000008f600000, 0x000000008f600000| Untracked 
| 247|0x000000008f700000, 0x000000008f700000, 0x000000008f800000|  0%| F|  |TAMS 0x000000008f700000, 0x000000008f700000| Untracked 
| 248|0x000000008f800000, 0x000000008f800000, 0x000000008f900000|  0%| F|  |TAMS 0x000000008f800000, 0x000000008f800000| Untracked 
| 249|0x000000008f900000, 0x000000008f900000, 0x000000008fa00000|  0%| F|  |TAMS 0x000000008f900000, 0x000000008f900000| Untracked 
| 250|0x000000008fa00000, 0x000000008fa00000, 0x000000008fb00000|  0%| F|  |TAMS 0x000000008fa00000, 0x000000008fa00000| Untracked 
| 251|0x000000008fb00000, 0x000000008fb00000, 0x000000008fc00000|  0%| F|  |TAMS 0x000000008fb00000, 0x000000008fb00000| Untracked 
| 252|0x000000008fc00000, 0x000000008fc00000, 0x000000008fd00000|  0%| F|  |TAMS 0x000000008fc00000, 0x000000008fc00000| Untracked 
| 253|0x000000008fd00000, 0x000000008fd00000, 0x000000008fe00000|  0%| F|  |TAMS 0x000000008fd00000, 0x000000008fd00000| Untracked 
| 254|0x000000008fe00000, 0x000000008fe00000, 0x000000008ff00000|  0%| F|  |TAMS 0x000000008fe00000, 0x000000008fe00000| Untracked 
| 255|0x000000008ff00000, 0x000000008ff00000, 0x0000000090000000|  0%| F|  |TAMS 0x000000008ff00000, 0x000000008ff00000| Untracked 
| 256|0x0000000090000000, 0x0000000090000000, 0x0000000090100000|  0%| F|  |TAMS 0x0000000090000000, 0x0000000090000000| Untracked 
| 257|0x0000000090100000, 0x0000000090100000, 0x0000000090200000|  0%| F|  |TAMS 0x0000000090100000, 0x0000000090100000| Untracked 
| 258|0x0000000090200000, 0x0000000090200000, 0x0000000090300000|  0%| F|  |TAMS 0x0000000090200000, 0x0000000090200000| Untracked 
| 259|0x0000000090300000, 0x0000000090300000, 0x0000000090400000|  0%| F|  |TAMS 0x0000000090300000, 0x0000000090300000| Untracked 
| 260|0x0000000090400000, 0x0000000090400000, 0x0000000090500000|  0%| F|  |TAMS 0x0000000090400000, 0x0000000090400000| Untracked 
| 261|0x0000000090500000, 0x0000000090500000, 0x0000000090600000|  0%| F|  |TAMS 0x0000000090500000, 0x0000000090500000| Untracked 
| 262|0x0000000090600000, 0x0000000090600800, 0x0000000090700000|  0%| E|  |TAMS 0x0000000090600000, 0x0000000090600000| Complete 
| 263|0x0000000090700000, 0x0000000090800000, 0x0000000090800000|100%| E|CS|TAMS 0x0000000090700000, 0x0000000090700000| Complete 
| 264|0x0000000090800000, 0x0000000090900000, 0x0000000090900000|100%| E|CS|TAMS 0x0000000090800000, 0x0000000090800000| Complete 
| 265|0x0000000090900000, 0x0000000090a00000, 0x0000000090a00000|100%| E|CS|TAMS 0x0000000090900000, 0x0000000090900000| Complete 
| 266|0x0000000090a00000, 0x0000000090b00000, 0x0000000090b00000|100%| E|CS|TAMS 0x0000000090a00000, 0x0000000090a00000| Complete 

Card table byte_map: [0x00000214ea1a0000,0x00000214ea5a0000] _byte_map_base: 0x00000214e9da0000

Marking Bits (Prev, Next): (CMBitMap*) 0x00000214d6f8fe38, (CMBitMap*) 0x00000214d6f8fe70
 Prev Bits: [0x00000214ea9a0000, 0x00000214ec9a0000)
 Next Bits: [0x00000214ec9a0000, 0x00000214ee9a0000)

Polling page: 0x00000214d6730000

Metaspace:

Usage:
  Non-class:    119.26 MB capacity,   116.66 MB ( 98%) used,     2.14 MB (  2%) free+waste,   473.94 KB ( <1%) overhead. 
      Class:     18.02 MB capacity,    16.57 MB ( 92%) used,     1.25 MB (  7%) free+waste,   208.75 KB (  1%) overhead. 
       Both:    137.28 MB capacity,   133.23 MB ( 97%) used,     3.38 MB (  2%) free+waste,   682.69 KB ( <1%) overhead. 

Virtual space:
  Non-class space:      120.00 MB reserved,     119.34 MB (>99%) committed 
      Class space:        1.00 GB reserved,      18.32 MB (  2%) committed 
             Both:        1.12 GB reserved,     137.66 MB ( 12%) committed 

Chunk freelists:
   Non-Class:  81.00 KB
       Class:  237.00 KB
        Both:  318.00 KB

MaxMetaspaceSize: 17179869184.00 GB
CompressedClassSpaceSize: 1.00 GB
Initial GC threshold: 20.80 MB
Current GC threshold: 229.44 MB
CDS: off

CodeHeap 'non-profiled nmethods': size=120000Kb used=16594Kb max_used=16682Kb free=103405Kb
 bounds [0x00000214e2540000, 0x00000214e35a0000, 0x00000214e9a70000]
CodeHeap 'profiled nmethods': size=120000Kb used=46630Kb max_used=47747Kb free=73370Kb
 bounds [0x00000214db010000, 0x00000214ddef0000, 0x00000214e2540000]
CodeHeap 'non-nmethods': size=5760Kb used=2490Kb max_used=2563Kb free=3269Kb
 bounds [0x00000214daa70000, 0x00000214dad00000, 0x00000214db010000]
 total_blobs=21822 nmethods=20800 adapters=932
 compilation: enabled
              stopped_count=0, restarted_count=0
 full_count=0

Compilation events (20 events):
Event: 1284.756 Thread 0x00000214f140f800 23554       3       com.android.ide.common.blame.SourceFileJsonTypeAdapter::write (70 bytes)
Event: 1284.757 Thread 0x00000214f140f800 nmethod 23554 0x00000214db873b90 code [0x00000214db873de0, 0x00000214db874648]
Event: 1284.757 Thread 0x00000214f140f800 23555       3       com.google.gson.stream.JsonWriter::newline (47 bytes)
Event: 1284.758 Thread 0x00000214f140f800 nmethod 23555 0x00000214db8bf010 code [0x00000214db8bf1e0, 0x00000214db8bf598]
Event: 1284.796 Thread 0x00000214f140f800 23558       3       sun.nio.cs.StreamEncoder::forOutputStreamWriter (11 bytes)
Event: 1284.797 Thread 0x00000214f140f800 nmethod 23558 0x00000214dc5eab90 code [0x00000214dc5eada0, 0x00000214dc5eb418]
Event: 1284.797 Thread 0x00000214f140f800 23560       3       java.nio.charset.CharsetEncoder::onMalformedInput (26 bytes)
Event: 1284.797 Thread 0x00000214f140f800 nmethod 23560 0x00000214dc137590 code [0x00000214dc137760, 0x00000214dc137aa8]
Event: 1284.797 Thread 0x00000214f140f800 23559       3       sun.nio.cs.StreamEncoder::<init> (23 bytes)
Event: 1284.798 Thread 0x00000214f140f800 nmethod 23559 0x00000214dbc0b290 code [0x00000214dbc0b4a0, 0x00000214dbc0ba58]
Event: 1284.800 Thread 0x00000214f140f800 23561       3       java.nio.charset.CharsetEncoder::implFlush (4 bytes)
Event: 1284.800 Thread 0x00000214f140f800 nmethod 23561 0x00000214db5f4a10 code [0x00000214db5f4bc0, 0x00000214db5f4cd8]
Event: 1284.811 Thread 0x00000214f140f800 23562       3       java.nio.charset.CharsetEncoder::flush (49 bytes)
Event: 1284.812 Thread 0x00000214f140f800 nmethod 23562 0x00000214db8e8090 code [0x00000214db8e8260, 0x00000214db8e8628]
Event: 1284.815 Thread 0x00000214f140f800 23563       3       java.io.OutputStreamWriter::close (8 bytes)
Event: 1284.815 Thread 0x00000214f140f800 nmethod 23563 0x00000214dcacc490 code [0x00000214dcacc640, 0x00000214dcacc788]
Event: 1284.815 Thread 0x00000214f140f800 23564   !   3       sun.nio.cs.StreamEncoder::close (37 bytes)
Event: 1284.816 Thread 0x00000214f140f800 nmethod 23564 0x00000214dc194010 code [0x00000214dc1941e0, 0x00000214dc194568]
Event: 1284.817 Thread 0x00000214f140f800 23565       3       sun.nio.cs.StreamEncoder::flushLeftoverChar (243 bytes)
Event: 1284.820 Thread 0x00000214f140f800 nmethod 23565 0x00000214dc625f90 code [0x00000214dc626300, 0x00000214dc627ac8]

GC Heap History (20 events):
Event: 1271.569 GC heap before
{Heap before GC invocations=115 (full 0):
 garbage-first heap   total 273408K, used 210037K [0x0000000080000000, 0x0000000100000000)
  region size 1024K, 13 young (13312K), 1 survivors (1024K)
 Metaspace       used 134355K, capacity 138409K, committed 139048K, reserved 1169408K
  class space    used 16786K, capacity 18256K, committed 18636K, reserved 1048576K
}
Event: 1271.589 GC heap after
{Heap after GC invocations=116 (full 0):
 garbage-first heap   total 273408K, used 184608K [0x0000000080000000, 0x0000000100000000)
  region size 1024K, 2 young (2048K), 2 survivors (2048K)
 Metaspace       used 134355K, capacity 138409K, committed 139048K, reserved 1169408K
  class space    used 16786K, capacity 18256K, committed 18636K, reserved 1048576K
}
Event: 1279.610 GC heap before
{Heap before GC invocations=116 (full 0):
 garbage-first heap   total 273408K, used 211232K [0x0000000080000000, 0x0000000100000000)
  region size 1024K, 29 young (29696K), 2 survivors (2048K)
 Metaspace       used 134451K, capacity 138517K, committed 139048K, reserved 1169408K
  class space    used 16795K, capacity 18267K, committed 18636K, reserved 1048576K
}
Event: 1279.618 GC heap after
{Heap after GC invocations=117 (full 0):
 garbage-first heap   total 273408K, used 184709K [0x0000000080000000, 0x0000000100000000)
  region size 1024K, 3 young (3072K), 3 survivors (3072K)
 Metaspace       used 134451K, capacity 138517K, committed 139048K, reserved 1169408K
  class space    used 16795K, capacity 18267K, committed 18636K, reserved 1048576K
}
Event: 1281.110 GC heap before
{Heap before GC invocations=117 (full 0):
 garbage-first heap   total 273408K, used 212357K [0x0000000080000000, 0x0000000100000000)
  region size 1024K, 31 young (31744K), 3 survivors (3072K)
 Metaspace       used 135700K, capacity 139760K, committed 140200K, reserved 1171456K
  class space    used 16930K, capacity 18416K, committed 18764K, reserved 1048576K
}
Event: 1281.129 GC heap after
{Heap after GC invocations=118 (full 0):
 garbage-first heap   total 273408K, used 188094K [0x0000000080000000, 0x0000000100000000)
  region size 1024K, 4 young (4096K), 4 survivors (4096K)
 Metaspace       used 135700K, capacity 139760K, committed 140200K, reserved 1171456K
  class space    used 16930K, capacity 18416K, committed 18764K, reserved 1048576K
}
Event: 1282.026 GC heap before
{Heap before GC invocations=119 (full 0):
 garbage-first heap   total 273408K, used 216766K [0x0000000080000000, 0x0000000100000000)
  region size 1024K, 33 young (33792K), 4 survivors (4096K)
 Metaspace       used 136074K, capacity 140154K, committed 140712K, reserved 1171456K
  class space    used 16957K, capacity 18418K, committed 18764K, reserved 1048576K
}
Event: 1282.048 GC heap after
{Heap after GC invocations=120 (full 0):
 garbage-first heap   total 273408K, used 193198K [0x0000000080000000, 0x0000000100000000)
  region size 1024K, 5 young (5120K), 5 survivors (5120K)
 Metaspace       used 136074K, capacity 140154K, committed 140712K, reserved 1171456K
  class space    used 16957K, capacity 18418K, committed 18764K, reserved 1048576K
}
Event: 1282.305 GC heap before
{Heap before GC invocations=120 (full 0):
 garbage-first heap   total 273408K, used 200366K [0x0000000080000000, 0x0000000100000000)
  region size 1024K, 13 young (13312K), 5 survivors (5120K)
 Metaspace       used 136104K, capacity 140218K, committed 140712K, reserved 1171456K
  class space    used 16957K, capacity 18418K, committed 18764K, reserved 1048576K
}
Event: 1282.324 GC heap after
{Heap after GC invocations=121 (full 0):
 garbage-first heap   total 273408K, used 188416K [0x0000000080000000, 0x0000000100000000)
  region size 1024K, 2 young (2048K), 2 survivors (2048K)
 Metaspace       used 136104K, capacity 140218K, committed 140712K, reserved 1171456K
  class space    used 16957K, capacity 18418K, committed 18764K, reserved 1048576K
}
Event: 1282.387 GC heap before
{Heap before GC invocations=121 (full 0):
 garbage-first heap   total 273408K, used 191488K [0x0000000080000000, 0x0000000100000000)
  region size 1024K, 6 young (6144K), 2 survivors (2048K)
 Metaspace       used 136112K, capacity 140218K, committed 140712K, reserved 1171456K
  class space    used 16957K, capacity 18418K, committed 18764K, reserved 1048576K
}
Event: 1282.396 GC heap after
{Heap after GC invocations=122 (full 0):
 garbage-first heap   total 273408K, used 189853K [0x0000000080000000, 0x0000000100000000)
  region size 1024K, 4 young (4096K), 4 survivors (4096K)
 Metaspace       used 136112K, capacity 140218K, committed 140712K, reserved 1171456K
  class space    used 16957K, capacity 18418K, committed 18764K, reserved 1048576K
}
Event: 1282.927 GC heap before
{Heap before GC invocations=123 (full 0):
 garbage-first heap   total 273408K, used 211357K [0x0000000080000000, 0x0000000100000000)
  region size 1024K, 27 young (27648K), 4 survivors (4096K)
 Metaspace       used 136216K, capacity 140346K, committed 140968K, reserved 1171456K
  class space    used 16957K, capacity 18418K, committed 18764K, reserved 1048576K
}
Event: 1282.955 GC heap after
{Heap after GC invocations=124 (full 0):
 garbage-first heap   total 273408K, used 197117K [0x0000000080000000, 0x0000000100000000)
  region size 1024K, 4 young (4096K), 4 survivors (4096K)
 Metaspace       used 136216K, capacity 140346K, committed 140968K, reserved 1171456K
  class space    used 16957K, capacity 18418K, committed 18764K, reserved 1048576K
}
Event: 1283.107 GC heap before
{Heap before GC invocations=124 (full 0):
 garbage-first heap   total 273408K, used 206333K [0x0000000080000000, 0x0000000100000000)
  region size 1024K, 13 young (13312K), 4 survivors (4096K)
 Metaspace       used 136238K, capacity 140346K, committed 140968K, reserved 1171456K
  class space    used 16957K, capacity 18418K, committed 18764K, reserved 1048576K
}
Event: 1283.125 GC heap after
{Heap after GC invocations=125 (full 0):
 garbage-first heap   total 273408K, used 193572K [0x0000000080000000, 0x0000000100000000)
  region size 1024K, 2 young (2048K), 2 survivors (2048K)
 Metaspace       used 136238K, capacity 140346K, committed 140968K, reserved 1171456K
  class space    used 16957K, capacity 18418K, committed 18764K, reserved 1048576K
}
Event: 1283.310 GC heap before
{Heap before GC invocations=125 (full 0):
 garbage-first heap   total 273408K, used 196644K [0x0000000080000000, 0x0000000100000000)
  region size 1024K, 7 young (7168K), 2 survivors (2048K)
 Metaspace       used 136338K, capacity 140442K, committed 140968K, reserved 1171456K
  class space    used 16964K, capacity 18450K, committed 18764K, reserved 1048576K
}
Event: 1283.319 GC heap after
{Heap after GC invocations=126 (full 0):
 garbage-first heap   total 273408K, used 194313K [0x0000000080000000, 0x0000000100000000)
  region size 1024K, 3 young (3072K), 3 survivors (3072K)
 Metaspace       used 136338K, capacity 140442K, committed 140968K, reserved 1171456K
  class space    used 16964K, capacity 18450K, committed 18764K, reserved 1048576K
}
Event: 1284.705 GC heap before
{Heap before GC invocations=127 (full 0):
 garbage-first heap   total 273408K, used 224009K [0x0000000080000000, 0x0000000100000000)
  region size 1024K, 26 young (26624K), 3 survivors (3072K)
 Metaspace       used 136421K, capacity 140574K, committed 140968K, reserved 1171456K
  class space    used 16966K, capacity 18451K, committed 18764K, reserved 1048576K
}
Event: 1284.726 GC heap after
{Heap after GC invocations=128 (full 0):
 garbage-first heap   total 273408K, used 194848K [0x0000000080000000, 0x0000000100000000)
  region size 1024K, 4 young (4096K), 4 survivors (4096K)
 Metaspace       used 136421K, capacity 140574K, committed 140968K, reserved 1171456K
  class space    used 16966K, capacity 18451K, committed 18764K, reserved 1048576K
}

Deoptimization events (20 events):
Event: 1284.105 Thread 0x00000214fe6d9800 Uncommon trap: trap_request=0xffffffbe fr.pc=0x00000214e2dbb0d8 relative=0x0000000000005a78
Event: 1284.105 Thread 0x00000214fe6d9800 Uncommon trap: reason=profile_predicate action=maybe_recompile pc=0x00000214e2dbb0d8 method=com.android.utils.XmlUtils.toXmlAttributeValue(Ljava/lang/String;)Ljava/lang/String; @ 9 c2
Event: 1284.105 Thread 0x00000214fe6d9800 DEOPT PACKING pc=0x00000214e2dbb0d8 sp=0x0000008eb0ff9f80
Event: 1284.105 Thread 0x00000214fe6d9800 DEOPT UNPACKING pc=0x00000214daaba1af sp=0x0000008eb0ff9ec8 mode 2
Event: 1284.105 Thread 0x00000214fe6d9800 Uncommon trap: trap_request=0xffffffbe fr.pc=0x00000214e2dbb0d8 relative=0x0000000000005a78
Event: 1284.105 Thread 0x00000214fe6d9800 Uncommon trap: reason=profile_predicate action=maybe_recompile pc=0x00000214e2dbb0d8 method=com.android.utils.XmlUtils.toXmlAttributeValue(Ljava/lang/String;)Ljava/lang/String; @ 9 c2
Event: 1284.105 Thread 0x00000214fe6d9800 DEOPT PACKING pc=0x00000214e2dbb0d8 sp=0x0000008eb0ff9e80
Event: 1284.105 Thread 0x00000214fe6d9800 DEOPT UNPACKING pc=0x00000214daaba1af sp=0x0000008eb0ff9de8 mode 2
Event: 1284.105 Thread 0x00000214fe6d9800 Uncommon trap: trap_request=0xffffffbe fr.pc=0x00000214e2dbb0d8 relative=0x0000000000005a78
Event: 1284.105 Thread 0x00000214fe6d9800 Uncommon trap: reason=profile_predicate action=maybe_recompile pc=0x00000214e2dbb0d8 method=com.android.utils.XmlUtils.toXmlAttributeValue(Ljava/lang/String;)Ljava/lang/String; @ 9 c2
Event: 1284.105 Thread 0x00000214fe6d9800 DEOPT PACKING pc=0x00000214e2dbb0d8 sp=0x0000008eb0ff9da0
Event: 1284.105 Thread 0x00000214fe6d9800 DEOPT UNPACKING pc=0x00000214daaba1af sp=0x0000008eb0ff9d08 mode 2
Event: 1284.105 Thread 0x00000214fe6d9800 Uncommon trap: trap_request=0xffffffbe fr.pc=0x00000214e2dbb0d8 relative=0x0000000000005a78
Event: 1284.105 Thread 0x00000214fe6d9800 Uncommon trap: reason=profile_predicate action=maybe_recompile pc=0x00000214e2dbb0d8 method=com.android.utils.XmlUtils.toXmlAttributeValue(Ljava/lang/String;)Ljava/lang/String; @ 9 c2
Event: 1284.105 Thread 0x00000214fe6d9800 DEOPT PACKING pc=0x00000214e2dbb0d8 sp=0x0000008eb0ff9da0
Event: 1284.105 Thread 0x00000214fe6d9800 DEOPT UNPACKING pc=0x00000214daaba1af sp=0x0000008eb0ff9d08 mode 2
Event: 1284.754 Thread 0x00000214fe6d9800 Uncommon trap: trap_request=0xffffff4d fr.pc=0x00000214e2b69d28 relative=0x00000000000007a8
Event: 1284.755 Thread 0x00000214fe6d9800 Uncommon trap: reason=unstable_if action=reinterpret pc=0x00000214e2b69d28 method=java.io.BufferedWriter.write(I)V @ 19 c2
Event: 1284.755 Thread 0x00000214fe6d9800 DEOPT PACKING pc=0x00000214e2b69d28 sp=0x0000008eb0ff9f90
Event: 1284.755 Thread 0x00000214fe6d9800 DEOPT UNPACKING pc=0x00000214daaba1af sp=0x0000008eb0ff9ee8 mode 2

Classes redefined (0 events):
No events

Internal exceptions (20 events):
Event: 1271.796 Thread 0x00000214f4092000 Exception <a 'sun/nio/fs/WindowsException'{0x00000000905cb3f8}> (0x00000000905cb3f8) thrown at [./src/hotspot/share/prims/jni.cpp, line 616]
Event: 1272.019 Thread 0x00000214f4092000 Exception <a 'java/lang/NoClassDefFoundError'{0x000000009015c250}: org/jetbrains/kotlin/gradle/plugin/KotlinBasePluginWrapper> (0x000000009015c250) thrown at [./src/hotspot/share/oops/constantPool.cpp, line 775]
Event: 1273.469 Thread 0x00000214f4092000 Exception <a 'sun/nio/fs/WindowsException'{0x000000008fc2cad8}> (0x000000008fc2cad8) thrown at [./src/hotspot/share/prims/jni.cpp, line 616]
Event: 1273.469 Thread 0x00000214f4092000 Exception <a 'sun/nio/fs/WindowsException'{0x000000008fc2cb58}> (0x000000008fc2cb58) thrown at [./src/hotspot/share/prims/jni.cpp, line 616]
Event: 1273.469 Thread 0x00000214f4092000 Exception <a 'sun/nio/fs/WindowsException'{0x000000008fc2e4a8}> (0x000000008fc2e4a8) thrown at [./src/hotspot/share/prims/jni.cpp, line 616]
Event: 1279.784 Thread 0x00000214f4092000 Exception <a 'sun/nio/fs/WindowsException'{0x00000000903549d0}> (0x00000000903549d0) thrown at [./src/hotspot/share/prims/jni.cpp, line 616]
Event: 1279.845 Thread 0x00000214f4092000 Exception <a 'java/lang/NoClassDefFoundError'{0x000000008ff25110}: org/jetbrains/kotlin/gradle/plugin/KotlinBasePluginWrapper> (0x000000008ff25110) thrown at [./src/hotspot/share/oops/constantPool.cpp, line 775]
Event: 1279.924 Thread 0x00000214f4092000 Exception <a 'sun/nio/fs/WindowsException'{0x000000008fddc9f0}> (0x000000008fddc9f0) thrown at [./src/hotspot/share/prims/jni.cpp, line 616]
Event: 1279.961 Thread 0x00000214f4092000 Exception <a 'sun/nio/fs/WindowsException'{0x000000008fc802e0}> (0x000000008fc802e0) thrown at [./src/hotspot/share/prims/jni.cpp, line 616]
Event: 1279.961 Thread 0x00000214f4092000 Exception <a 'sun/nio/fs/WindowsException'{0x000000008fc81650}> (0x000000008fc81650) thrown at [./src/hotspot/share/prims/jni.cpp, line 616]
Event: 1279.961 Thread 0x00000214f4092000 Exception <a 'sun/nio/fs/WindowsException'{0x000000008fc82a10}> (0x000000008fc82a10) thrown at [./src/hotspot/share/prims/jni.cpp, line 616]
Event: 1279.961 Thread 0x00000214f4092000 Exception <a 'sun/nio/fs/WindowsException'{0x000000008fc83dd0}> (0x000000008fc83dd0) thrown at [./src/hotspot/share/prims/jni.cpp, line 616]
Event: 1280.188 Thread 0x00000214fe6dc000 Exception <a 'sun/nio/fs/WindowsException'{0x000000008f962ec8}> (0x000000008f962ec8) thrown at [./src/hotspot/share/prims/jni.cpp, line 616]
Event: 1280.188 Thread 0x00000214fe6dc000 Exception <a 'sun/nio/fs/WindowsException'{0x000000008f963d50}> (0x000000008f963d50) thrown at [./src/hotspot/share/prims/jni.cpp, line 616]
Event: 1280.617 Thread 0x00000214fe6d9800 Exception <a 'sun/nio/fs/WindowsException'{0x000000008f305788}> (0x000000008f305788) thrown at [./src/hotspot/share/prims/jni.cpp, line 616]
Event: 1280.617 Thread 0x00000214fe6d9800 Exception <a 'sun/nio/fs/WindowsException'{0x000000008f306b28}> (0x000000008f306b28) thrown at [./src/hotspot/share/prims/jni.cpp, line 616]
Event: 1281.035 Thread 0x00000214f7cda800 Exception <a 'sun/nio/fs/WindowsException'{0x000000008f3aaa88}> (0x000000008f3aaa88) thrown at [./src/hotspot/share/prims/jni.cpp, line 616]
Event: 1281.165 Thread 0x00000214fe6dc000 Exception <a 'java/lang/NoSuchMethodError'{0x00000000908c9020}: <clinit>> (0x00000000908c9020) thrown at [./src/hotspot/share/prims/jni.cpp, line 1366]
Event: 1281.195 Thread 0x00000214fe6d9800 Exception <a 'sun/nio/fs/WindowsException'{0x00000000906506b0}> (0x00000000906506b0) thrown at [./src/hotspot/share/prims/jni.cpp, line 616]
Event: 1281.195 Thread 0x00000214fe6d9800 Exception <a 'sun/nio/fs/WindowsException'{0x00000000906517e0}> (0x00000000906517e0) thrown at [./src/hotspot/share/prims/jni.cpp, line 616]

Events (20 events):
Event: 1283.201 loading class org/w3c/dom/ls/LSParser
Event: 1283.201 loading class org/w3c/dom/ls/LSParser done
Event: 1283.201 loading class org/w3c/dom/ls/LSInput
Event: 1283.201 loading class org/w3c/dom/ls/LSInput done
Event: 1283.202 loading class org/apache/xerces/dom/DeferredDOMImplementationImpl
Event: 1283.202 loading class org/apache/xerces/dom/DeferredDOMImplementationImpl done
Event: 1283.310 Executing VM operation: G1CollectForAllocation
Event: 1283.320 Executing VM operation: G1CollectForAllocation done
Event: 1283.537 Executing VM operation: CGC_Operation
Event: 1283.563 Executing VM operation: CGC_Operation done
Event: 1283.684 Executing VM operation: CGC_Operation
Event: 1283.685 Executing VM operation: CGC_Operation done
Event: 1284.506 loading class com/android/ide/common/blame/MergingLogPersistUtil$SourcePositionsSerializer
Event: 1284.506 loading class com/android/ide/common/blame/MergingLogPersistUtil$SourcePositionsSerializer done
Event: 1284.508 loading class com/android/ide/common/blame/MergingLogPersistUtil$SourcePositionsSerializer$Kind
Event: 1284.508 loading class com/android/ide/common/blame/MergingLogPersistUtil$SourcePositionsSerializer$Kind done
Event: 1284.705 Executing VM operation: G1CollectForAllocation
Event: 1284.726 Executing VM operation: G1CollectForAllocation done
Event: 1284.754 Executing VM operation: RevokeBias
Event: 1284.755 Executing VM operation: RevokeBias done


Dynamic libraries:
0x00007ff6e3b70000 - 0x00007ff6e3b7a000 	C:\Program Files\Android\Android Studio\jre\bin\java.exe
0x00007ffd99f80000 - 0x00007ffd9a189000 	C:\WINDOWS\SYSTEM32\ntdll.dll
0x00007ffd97f30000 - 0x00007ffd97fed000 	C:\WINDOWS\System32\KERNEL32.DLL
0x00007ffd97460000 - 0x00007ffd977dc000 	C:\WINDOWS\System32\KERNELBASE.dll
0x00007ffd977e0000 - 0x00007ffd978f1000 	C:\WINDOWS\System32\ucrtbase.dll
0x00007ffd5c840000 - 0x00007ffd5c859000 	C:\Program Files\Android\Android Studio\jre\bin\jli.dll
0x00007ffd551a0000 - 0x00007ffd551b7000 	C:\Program Files\Android\Android Studio\jre\bin\VCRUNTIME140.dll
0x00007ffd99bf0000 - 0x00007ffd99d9d000 	C:\WINDOWS\System32\USER32.dll
0x00007ffd97cf0000 - 0x00007ffd97d16000 	C:\WINDOWS\System32\win32u.dll
0x00007ffd78020000 - 0x00007ffd782c5000 	C:\WINDOWS\WinSxS\amd64_microsoft.windows.common-controls_6595b64144ccf1df_6.0.22000.120_none_9d947278b86cc467\COMCTL32.dll
0x00007ffd99e00000 - 0x00007ffd99e29000 	C:\WINDOWS\System32\GDI32.dll
0x00007ffd980e0000 - 0x00007ffd98183000 	C:\WINDOWS\System32\msvcrt.dll
0x00007ffd97900000 - 0x00007ffd97a19000 	C:\WINDOWS\System32\gdi32full.dll
0x00007ffd97b90000 - 0x00007ffd97c2d000 	C:\WINDOWS\System32\msvcp_win.dll
0x00007ffd992a0000 - 0x00007ffd992d1000 	C:\WINDOWS\System32\IMM32.DLL
0x00007ffd256a0000 - 0x00007ffd2573d000 	C:\Program Files\Android\Android Studio\jre\bin\msvcp140.dll
0x00007ffcf5ad0000 - 0x00007ffcf65d2000 	C:\Program Files\Android\Android Studio\jre\bin\server\jvm.dll
0x00007ffd99e40000 - 0x00007ffd99eee000 	C:\WINDOWS\System32\ADVAPI32.dll
0x00007ffd98460000 - 0x00007ffd984fe000 	C:\WINDOWS\System32\sechost.dll
0x00007ffd98340000 - 0x00007ffd98460000 	C:\WINDOWS\System32\RPCRT4.dll
0x00007ffd99e30000 - 0x00007ffd99e38000 	C:\WINDOWS\System32\PSAPI.DLL
0x00007ffd91e00000 - 0x00007ffd91e09000 	C:\WINDOWS\SYSTEM32\WSOCK32.dll
0x00007ffd91c20000 - 0x00007ffd91c53000 	C:\WINDOWS\SYSTEM32\WINMM.dll
0x00007ffd861e0000 - 0x00007ffd861ea000 	C:\WINDOWS\SYSTEM32\VERSION.dll
0x00007ffd98c50000 - 0x00007ffd98cbf000 	C:\WINDOWS\System32\ws2_32.DLL
0x00007ffd96640000 - 0x00007ffd96658000 	C:\WINDOWS\SYSTEM32\kernel.appcore.dll
0x00007ffd81d90000 - 0x00007ffd81da1000 	C:\Program Files\Android\Android Studio\jre\bin\verify.dll
0x00007ffd94fb0000 - 0x00007ffd951d1000 	C:\WINDOWS\SYSTEM32\DBGHELP.DLL
0x00007ffd7bdd0000 - 0x00007ffd7be01000 	C:\WINDOWS\SYSTEM32\dbgcore.DLL
0x00007ffd97d20000 - 0x00007ffd97d9f000 	C:\WINDOWS\System32\bcryptPrimitives.dll
0x00007ffd81be0000 - 0x00007ffd81c09000 	C:\Program Files\Android\Android Studio\jre\bin\java.dll
0x00007ffd822c0000 - 0x00007ffd822cb000 	C:\Program Files\Android\Android Studio\jre\bin\jimage.dll
0x00007ffd80c40000 - 0x00007ffd80c58000 	C:\Program Files\Android\Android Studio\jre\bin\zip.dll
0x00007ffd99340000 - 0x00007ffd99af8000 	C:\WINDOWS\System32\SHELL32.dll
0x00007ffd95590000 - 0x00007ffd95df8000 	C:\WINDOWS\SYSTEM32\windows.storage.dll
0x00007ffd98f20000 - 0x00007ffd99299000 	C:\WINDOWS\System32\combase.dll
0x00007ffd95420000 - 0x00007ffd95586000 	C:\WINDOWS\SYSTEM32\wintypes.dll
0x00007ffd97ff0000 - 0x00007ffd980da000 	C:\WINDOWS\System32\SHCORE.dll
0x00007ffd992e0000 - 0x00007ffd9933d000 	C:\WINDOWS\System32\shlwapi.dll
0x00007ffd97390000 - 0x00007ffd973b1000 	C:\WINDOWS\SYSTEM32\profapi.dll
0x00007ffd80c20000 - 0x00007ffd80c3a000 	C:\Program Files\Android\Android Studio\jre\bin\net.dll
0x00007ffd91520000 - 0x00007ffd9162c000 	C:\WINDOWS\SYSTEM32\WINHTTP.dll
0x00007ffd96a70000 - 0x00007ffd96ad7000 	C:\WINDOWS\system32\mswsock.dll
0x00007ffd7f380000 - 0x00007ffd7f394000 	C:\Program Files\Android\Android Studio\jre\bin\nio.dll
0x00007ffd64f50000 - 0x00007ffd64f77000 	C:\Users\PC\.gradle\native\e1d6ef7f7dcc3fd88c89a11ec53ec762bb8ba0a96d01ffa2cd45eb1d1d8dd5c5\windows-amd64\native-platform.dll
0x00007ffd22d30000 - 0x00007ffd22e74000 	C:\Users\PC\.gradle\native\0d407fdbe67a94daf76414ababcb853783967236a71b16ec16e742cd7a986fd3\windows-amd64\native-platform-file-events.dll
0x00007ffd820a0000 - 0x00007ffd820aa000 	C:\Program Files\Android\Android Studio\jre\bin\management.dll
0x00007ffd810c0000 - 0x00007ffd810cd000 	C:\Program Files\Android\Android Studio\jre\bin\management_ext.dll
0x00007ffd96cb0000 - 0x00007ffd96cc8000 	C:\WINDOWS\SYSTEM32\CRYPTSP.dll
0x00007ffd965a0000 - 0x00007ffd965d5000 	C:\WINDOWS\system32\rsaenh.dll
0x00007ffd96b60000 - 0x00007ffd96b89000 	C:\WINDOWS\SYSTEM32\USERENV.dll
0x00007ffd96e40000 - 0x00007ffd96e67000 	C:\WINDOWS\SYSTEM32\bcrypt.dll
0x00007ffd96cd0000 - 0x00007ffd96cdc000 	C:\WINDOWS\SYSTEM32\CRYPTBASE.dll
0x00007ffd96130000 - 0x00007ffd9615d000 	C:\WINDOWS\SYSTEM32\IPHLPAPI.DLL
0x00007ffd98f10000 - 0x00007ffd98f19000 	C:\WINDOWS\System32\NSI.dll
0x00007ffd90820000 - 0x00007ffd90839000 	C:\WINDOWS\SYSTEM32\dhcpcsvc6.DLL
0x00007ffd91ec0000 - 0x00007ffd91ede000 	C:\WINDOWS\SYSTEM32\dhcpcsvc.DLL
0x00007ffd96160000 - 0x00007ffd96248000 	C:\WINDOWS\SYSTEM32\DNSAPI.dll
0x00007ffd96340000 - 0x00007ffd96374000 	C:\WINDOWS\SYSTEM32\ntmarta.dll
0x00007ffd709e0000 - 0x00007ffd70a07000 	C:\Program Files\Android\Android Studio\jre\bin\sunec.dll

dbghelp: loaded successfully - version: 4.0.5 - missing functions: none
symbol engine: initialized successfully - sym options: 0x614 - pdb path: .;C:\Program Files\Android\Android Studio\jre\bin;C:\WINDOWS\SYSTEM32;C:\WINDOWS\WinSxS\amd64_microsoft.windows.common-controls_6595b64144ccf1df_6.0.22000.120_none_9d947278b86cc467;C:\Program Files\Android\Android Studio\jre\bin\server;C:\Users\PC\.gradle\native\e1d6ef7f7dcc3fd88c89a11ec53ec762bb8ba0a96d01ffa2cd45eb1d1d8dd5c5\windows-amd64;C:\Users\PC\.gradle\native\0d407fdbe67a94daf76414ababcb853783967236a71b16ec16e742cd7a986fd3\windows-amd64

VM Arguments:
jvm_args: --add-opens=java.base/java.util=ALL-UNNAMED --add-opens=java.base/java.lang=ALL-UNNAMED --add-opens=java.base/java.lang.invoke=ALL-UNNAMED --add-opens=java.base/java.util=ALL-UNNAMED --add-opens=java.prefs/java.util.prefs=ALL-UNNAMED --add-opens=java.prefs/java.util.prefs=ALL-UNNAMED --add-opens=java.base/java.nio.charset=ALL-UNNAMED --add-opens=java.base/java.net=ALL-UNNAMED --add-opens=java.base/java.util.concurrent.atomic=ALL-UNNAMED -Xmx2048m -Dfile.encoding=UTF-8 -Duser.country=IE -Duser.language=en -Duser.variant 
java_command: org.gradle.launcher.daemon.bootstrap.GradleDaemon 7.4
java_class_path (initial): C:\Users\PC\.gradle\wrapper\dists\gradle-7.4-bin\c0gwcg53nkjbqw7r0h0umtfvt\gradle-7.4\lib\gradle-launcher-7.4.jar
Launcher Type: SUN_STANDARD

[Global flags]
     intx CICompilerCount                          = 4                                         {product} {ergonomic}
     uint ConcGCThreads                            = 2                                         {product} {ergonomic}
     uint G1ConcRefinementThreads                  = 8                                         {product} {ergonomic}
   size_t G1HeapRegionSize                         = 1048576                                   {product} {ergonomic}
    uintx GCDrainStackTargetSize                   = 64                                        {product} {ergonomic}
   size_t InitialHeapSize                          = 134217728                                 {product} {ergonomic}
   size_t MarkStackSize                            = 4194304                                   {product} {ergonomic}
   size_t MaxHeapSize                              = 2147483648                                {product} {command line}
   size_t MaxNewSize                               = 1287651328                                {product} {ergonomic}
   size_t MinHeapDeltaBytes                        = 1048576                                   {product} {ergonomic}
    uintx NonNMethodCodeHeapSize                   = 5836300                                {pd product} {ergonomic}
    uintx NonProfiledCodeHeapSize                  = 122910970                              {pd product} {ergonomic}
    uintx ProfiledCodeHeapSize                     = 122910970                              {pd product} {ergonomic}
    uintx ReservedCodeCacheSize                    = 251658240                              {pd product} {ergonomic}
     bool SegmentedCodeCache                       = true                                      {product} {ergonomic}
     bool UseCompressedClassPointers               = true                                 {lp64_product} {ergonomic}
     bool UseCompressedOops                        = true                                 {lp64_product} {ergonomic}
     bool UseG1GC                                  = true                                      {product} {ergonomic}
     bool UseLargePagesIndividualAllocation        = false                                  {pd product} {ergonomic}

Logging:
Log output configuration:
 #0: stdout all=warning uptime,level,tags
 #1: stderr all=off uptime,level,tags

Environment Variables:
JAVA_HOME=C:\Program Files\Java\jdk-16.0.2
PATH=C:\Program Files\Common Files\Oracle\Java\javapath;C:\WINDOWS\system32;C:\WINDOWS;C:\WINDOWS\System32\Wbem;C:\WINDOWS\System32\WindowsPowerShell\v1.0\;C:\WINDOWS\System32\OpenSSH\;C:\Program Files\Java\jdk-16.0.2\bin;C:\Program Files\Git\cmd;C:\Users\PC\Downloads\Git-2.37.3-64-bit.exe;C:\Users\PC\Downloads\python-3.10.7-amd64.exe;C:\Users\PC\AppData\Local\Programs\Python\Python310\Scripts\;C:\Users\PC\AppData\Local\Programs\Python\Python310\;C:\Program Files\MySQL\MySQL Shell 8.0\bin\;C:\Users\PC\AppData\Local\Microsoft\WindowsApps
USERNAME=PC
OS=Windows_NT
PROCESSOR_IDENTIFIER=Intel64 Family 6 Model 142 Stepping 12, GenuineIntel



---------------  S Y S T E M  ---------------

OS: Windows 11 , 64 bit Build 22000 (10.0.22000.708)
OS uptime: 3 days 1:55 hours

CPU:total 8 (initial active 8) (4 cores per cpu, 2 threads per core) family 6 model 142 stepping 12 microcode 0xf0, cmov, cx8, fxsr, mmx, sse, sse2, sse3, ssse3, sse4.1, sse4.2, popcnt, avx, avx2, aes, clmul, erms, 3dnowpref, lzcnt, ht, tsc, tscinvbit, bmi1, bmi2, adx, fma

Memory: 4k page, system-wide physical 8067M (322M free)
TotalPageFile size 23150M (AvailPageFile size 7M)
current process WorkingSet (physical memory assigned to process): 433M, peak: 476M
current process commit charge ("private bytes"): 691M, peak: 697M

vm_info: OpenJDK 64-Bit Server VM (11.0.13+0-b1751.21-8125866) for windows-amd64 JRE (11.0.13+0-b1751.21-8125866), built on Feb  2 2022 03:00:22 by "builder" with MS VC++ 14.0 (VS2015)

END.
